{"/Users/pcvaxs5/Documents/GitHub/Ariet_L2_workshop/src/App.vue": {"path":"/Users/pcvaxs5/Documents/GitHub/Ariet_L2_workshop/src/App.vue","statementMap":{"0":{"start":{"line":3,"column":0},"end":{"line":5,"column":3}},"1":{"start":{"line":6,"column":12},"end":{"line":6,"column":26}},"2":{"start":{"line":7,"column":0},"end":{"line":9,"column":3}},"3":{"start":{"line":10,"column":0},"end":{"line":10,"column":13}},"4":{"start":{"line":11,"column":0},"end":{"line":11,"column":62}},"5":{"start":{"line":12,"column":0},"end":{"line":12,"column":24}},"6":{"start":{"line":13,"column":12},"end":{"line":13,"column":26}},"7":{"start":{"line":15,"column":33},"end":{"line":15,"column":75}},"8":{"start":{"line":16,"column":4},"end":{"line":16,"column":84}},"9":{"start":{"line":18,"column":1},"end":{"line":18,"column":48}}},"fnMap":{"0":{"name":"render","decl":{"start":{"line":14,"column":9},"end":{"line":14,"column":15}},"loc":{"start":{"line":14,"column":30},"end":{"line":17,"column":1}},"line":14}},"branchMap":{},"s":{"0":0,"1":0,"2":0,"3":0,"4":0,"5":0,"6":0,"7":0,"8":0,"9":0},"f":{"0":0},"b":{},"inputSourceMap":{"0":"{","1":"\"","2":"v","3":"e","4":"r","5":"s","6":"i","7":"o","8":"n","9":"\"","10":":","11":"3","12":",","13":"\"","14":"s","15":"o","16":"u","17":"r","18":"c","19":"e","20":"s","21":"\"","22":":","23":"[","24":"\"","25":"/","26":"U","27":"s","28":"e","29":"r","30":"s","31":"/","32":"p","33":"c","34":"v","35":"a","36":"x","37":"s","38":"5","39":"/","40":"D","41":"o","42":"c","43":"u","44":"m","45":"e","46":"n","47":"t","48":"s","49":"/","50":"G","51":"i","52":"t","53":"H","54":"u","55":"b","56":"/","57":"A","58":"r","59":"i","60":"e","61":"t","62":"_","63":"L","64":"2","65":"_","66":"w","67":"o","68":"r","69":"k","70":"s","71":"h","72":"o","73":"p","74":"/","75":"s","76":"r","77":"c","78":"/","79":"A","80":"p","81":"p","82":".","83":"v","84":"u","85":"e","86":"\"","87":"]","88":",","89":"\"","90":"n","91":"a","92":"m","93":"e","94":"s","95":"\"","96":":","97":"[","98":"]","99":",","100":"\"","101":"m","102":"a","103":"p","104":"p","105":"i","106":"n","107":"g","108":"s","109":"\"","110":":","111":"\"","112":";","113":";","114":"A","115":"A","116":"K","117":"A","118":",","119":"M","120":"A","121":"A","122":"M","123":",","124":"C","125":"A","126":"A","127":"C","128":",","129":"c","130":"A","131":"A","132":"c","133":",","134":"C","135":"A","136":"A","137":"C","138":",","139":"O","140":"A","141":"A","142":"O","143":",","144":"E","145":"A","146":"A","147":"E","148":",","149":"Y","150":"A","151":"A","152":"Y","153":",","154":"E","155":"A","156":"A","157":"E","158":";","159":"E","160":"A","161":"A","162":"E","163":",","164":"K","165":"A","166":"A","167":"K","168":",","169":"E","170":"A","171":"A","172":"E","173":";","174":"A","175":"A","176":"A","177":"K","178":",","179":"C","180":"A","181":"A","182":"C","183":",","184":"C","185":"A","186":"A","187":"C","188":";","189":";","190":"A","191":"A","192":"E","193":"7","194":"D","195":",","196":"O","197":"A","198":"A","199":"O","200":",","201":"C","202":"A","203":"A","204":"C","205":",","206":"O","207":"A","208":"A","209":"O","210":",","211":"G","212":"A","213":"A","214":"G","215":",","216":"C","217":"A","218":"A","219":"C","220":",","221":"C","222":"A","223":"A","224":"C","225":",","226":"E","227":"A","228":"A","229":"E","230":",","231":"K","232":"A","233":"A","234":"K","235":",","236":"C","237":"A","238":"A","239":"C","240":",","241":"e","242":"A","243":"A","244":"e","245":",","246":"E","247":"A","248":"A","249":"E","250":";","251":"E","252":"A","253":"C","254":"z","255":"C","256":",","257":"I","258":"A","259":"A","260":"I","261":",","262":"E","263":"A","264":"A","265":"E","266":";","267":"A","268":"A","269":"C","270":"V","271":",","272":"C","273":"A","274":"A","275":"C","276":",","277":"C","278":"A","279":"A","280":"C","281":"\"","282":",","283":"\"","284":"f","285":"i","286":"l","287":"e","288":"\"","289":":","290":"\"","291":"/","292":"U","293":"s","294":"e","295":"r","296":"s","297":"/","298":"p","299":"c","300":"v","301":"a","302":"x","303":"s","304":"5","305":"/","306":"D","307":"o","308":"c","309":"u","310":"m","311":"e","312":"n","313":"t","314":"s","315":"/","316":"G","317":"i","318":"t","319":"H","320":"u","321":"b","322":"/","323":"A","324":"r","325":"i","326":"e","327":"t","328":"_","329":"L","330":"2","331":"_","332":"w","333":"o","334":"r","335":"k","336":"s","337":"h","338":"o","339":"p","340":"/","341":"s","342":"r","343":"c","344":"/","345":"A","346":"p","347":"p","348":".","349":"v","350":"u","351":"e","352":"\"","353":",","354":"\"","355":"s","356":"o","357":"u","358":"r","359":"c","360":"e","361":"s","362":"C","363":"o","364":"n","365":"t","366":"e","367":"n","368":"t","369":"\"","370":":","371":"[","372":"\"","373":"<","374":"t","375":"e","376":"m","377":"p","378":"l","379":"a","380":"t","381":"e","382":">","383":"\\","384":"n","385":" ","386":" ","387":"<","388":"r","389":"o","390":"u","391":"t","392":"e","393":"r","394":"-","395":"v","396":"i","397":"e","398":"w","399":" ","400":"/","401":">","402":"\\","403":"n","404":"<","405":"/","406":"t","407":"e","408":"m","409":"p","410":"l","411":"a","412":"t","413":"e","414":">","415":"\\","416":"n","417":"\\","418":"n","419":"<","420":"s","421":"c","422":"r","423":"i","424":"p","425":"t","426":" ","427":"l","428":"a","429":"n","430":"g","431":"=","432":"\\","433":"\"","434":"t","435":"s","436":"\\","437":"\"","438":">","439":"\\","440":"n","441":"i","442":"m","443":"p","444":"o","445":"r","446":"t","447":" ","448":"{","449":" ","450":"d","451":"e","452":"f","453":"i","454":"n","455":"e","456":"C","457":"o","458":"m","459":"p","460":"o","461":"n","462":"e","463":"n","464":"t","465":" ","466":"}","467":" ","468":"f","469":"r","470":"o","471":"m","472":" ","473":"'","474":"v","475":"u","476":"e","477":"'","478":";","479":"\\","480":"n","481":"\\","482":"n","483":"e","484":"x","485":"p","486":"o","487":"r","488":"t","489":" ","490":"d","491":"e","492":"f","493":"a","494":"u","495":"l","496":"t","497":" ","498":"d","499":"e","500":"f","501":"i","502":"n","503":"e","504":"C","505":"o","506":"m","507":"p","508":"o","509":"n","510":"e","511":"n","512":"t","513":"(","514":"{","515":"\\","516":"n","517":" ","518":" ","519":"n","520":"a","521":"m","522":"e","523":":","524":" ","525":"'","526":"A","527":"p","528":"p","529":"'","530":",","531":"\\","532":"n","533":"}","534":")","535":";","536":"\\","537":"n","538":"<","539":"/","540":"s","541":"c","542":"r","543":"i","544":"p","545":"t","546":">","547":"\\","548":"n","549":"\"","550":"]","551":"}"}}
,"/Users/pcvaxs5/Documents/GitHub/Ariet_L2_workshop/src/components/Footer.vue": {"path":"/Users/pcvaxs5/Documents/GitHub/Ariet_L2_workshop/src/components/Footer.vue","statementMap":{"0":{"start":{"line":3,"column":0},"end":{"line":5,"column":3}},"1":{"start":{"line":6,"column":12},"end":{"line":6,"column":26}},"2":{"start":{"line":7,"column":0},"end":{"line":14,"column":3}},"3":{"start":{"line":11,"column":6},"end":{"line":11,"column":38}},"4":{"start":{"line":15,"column":0},"end":{"line":15,"column":13}},"5":{"start":{"line":16,"column":0},"end":{"line":16,"column":62}},"6":{"start":{"line":17,"column":0},"end":{"line":17,"column":24}},"7":{"start":{"line":18,"column":12},"end":{"line":18,"column":26}},"8":{"start":{"line":19,"column":17},"end":{"line":19,"column":36}},"9":{"start":{"line":20,"column":17},"end":{"line":20,"column":46}},"10":{"start":{"line":21,"column":17},"end":{"line":21,"column":46}},"11":{"start":{"line":23,"column":4},"end":{"line":28,"column":8}},"12":{"start":{"line":30,"column":1},"end":{"line":30,"column":48}}},"fnMap":{"0":{"name":"(anonymous_0)","decl":{"start":{"line":10,"column":17},"end":{"line":10,"column":18}},"loc":{"start":{"line":10,"column":29},"end":{"line":12,"column":5}},"line":10},"1":{"name":"render","decl":{"start":{"line":22,"column":9},"end":{"line":22,"column":15}},"loc":{"start":{"line":22,"column":30},"end":{"line":29,"column":1}},"line":22}},"branchMap":{"0":{"loc":{"start":{"line":26,"column":12},"end":{"line":26,"column":361}},"type":"binary-expr","locations":[{"start":{"line":26,"column":12},"end":{"line":26,"column":21}},{"start":{"line":26,"column":26},"end":{"line":26,"column":360}}],"line":26}},"s":{"0":0,"1":0,"2":0,"3":0,"4":0,"5":0,"6":0,"7":0,"8":0,"9":0,"10":0,"11":0,"12":0},"f":{"0":0,"1":0},"b":{"0":[0,0]},"inputSourceMap":{"0":"{","1":"\"","2":"v","3":"e","4":"r","5":"s","6":"i","7":"o","8":"n","9":"\"","10":":","11":"3","12":",","13":"\"","14":"s","15":"o","16":"u","17":"r","18":"c","19":"e","20":"s","21":"\"","22":":","23":"[","24":"\"","25":"/","26":"U","27":"s","28":"e","29":"r","30":"s","31":"/","32":"p","33":"c","34":"v","35":"a","36":"x","37":"s","38":"5","39":"/","40":"D","41":"o","42":"c","43":"u","44":"m","45":"e","46":"n","47":"t","48":"s","49":"/","50":"G","51":"i","52":"t","53":"H","54":"u","55":"b","56":"/","57":"A","58":"r","59":"i","60":"e","61":"t","62":"_","63":"L","64":"2","65":"_","66":"w","67":"o","68":"r","69":"k","70":"s","71":"h","72":"o","73":"p","74":"/","75":"s","76":"r","77":"c","78":"/","79":"c","80":"o","81":"m","82":"p","83":"o","84":"n","85":"e","86":"n","87":"t","88":"s","89":"/","90":"F","91":"o","92":"o","93":"t","94":"e","95":"r","96":".","97":"v","98":"u","99":"e","100":"\"","101":"]","102":",","103":"\"","104":"n","105":"a","106":"m","107":"e","108":"s","109":"\"","110":":","111":"[","112":"]","113":",","114":"\"","115":"m","116":"a","117":"p","118":"p","119":"i","120":"n","121":"g","122":"s","123":"\"","124":":","125":"\"","126":";","127":";","128":"A","129":"A","130":"k","131":"B","132":"A","133":",","134":"M","135":"A","136":"A","137":"M","138":",","139":"C","140":"A","141":"A","142":"C","143":",","144":"c","145":"A","146":"A","147":"c","148":",","149":"C","150":"A","151":"A","152":"C","153":",","154":"O","155":"A","156":"A","157":"O","158":",","159":"E","160":"A","161":"A","162":"E","163":",","164":"Y","165":"A","166":"A","167":"Y","168":",","169":"E","170":"A","171":"A","172":"E","173":";","174":"E","175":"A","176":"A","177":"E","178":",","179":"K","180":"A","181":"A","182":"K","183":",","184":"E","185":"A","186":"A","187":"E","188":";","189":"A","190":"A","191":"A","192":"K","193":",","194":"C","195":"A","196":"A","197":"C","198":",","199":"C","200":"A","201":"A","202":"C","203":";","204":";","205":"A","206":"A","207":"E","208":"7","209":"D","210":",","211":"O","212":"A","213":"A","214":"O","215":",","216":"C","217":"A","218":"A","219":"C","220":",","221":"O","222":"A","223":"A","224":"O","225":",","226":"G","227":"A","228":"A","229":"G","230":",","231":"C","232":"A","233":"A","234":"C","235":",","236":"C","237":"A","238":"A","239":"C","240":",","241":"E","242":"A","243":"A","244":"E","245":",","246":"K","247":"A","248":"A","249":"K","250":",","251":"C","252":"A","253":"A","254":"C","255":",","256":"e","257":"A","258":"A","259":"e","260":",","261":"E","262":"A","263":"A","264":"E","265":";","266":"E","267":"A","268":"C","269":"z","270":"C","271":",","272":"I","273":"A","274":"A","275":"I","276":",","277":"E","278":"A","279":"A","280":"E","281":",","282":"Q","283":"A","284":"A","285":"Q","286":";","287":"E","288":"A","289":"C","290":"d","291":",","292":"Q","293":"A","294":"A","295":"Q","296":",","297":"E","298":"A","299":"A","300":"E","301":";","302":"I","303":"A","304":"C","305":"N","306":",","307":"W","308":"A","309":"A","310":"W","311":",","312":"E","313":"A","314":"A","315":"E","316":",","317":"Y","318":"A","319":"A","320":"Y","321":";","322":"M","323":"A","324":"C","325":"r","326":"B","327":",","328":"O","329":"A","330":"A","331":"O","332":",","333":"I","334":"A","335":"A","336":"I","337":",","338":"I","339":"A","340":"A","341":"I","342":",","343":"C","344":"A","345":"A","346":"C","347":",","348":"C","349":"A","350":"A","351":"C","352":",","353":"C","354":"A","355":"A","356":"C","357":",","358":"W","359":"A","360":"A","361":"W","362":",","363":"C","364":"A","365":"A","366":"C","367":",","368":"C","369":"A","370":"A","371":"C","372":";","373":"I","374":"A","375":"C","376":"n","377":"C","378":";","379":"E","380":"A","381":"C","382":"J","383":";","384":"A","385":"A","386":"C","387":"J","388":",","389":"C","390":"A","391":"A","392":"C","393":",","394":"C","395":"A","396":"A","397":"C","398":"\"","399":",","400":"\"","401":"f","402":"i","403":"l","404":"e","405":"\"","406":":","407":"\"","408":"/","409":"U","410":"s","411":"e","412":"r","413":"s","414":"/","415":"p","416":"c","417":"v","418":"a","419":"x","420":"s","421":"5","422":"/","423":"D","424":"o","425":"c","426":"u","427":"m","428":"e","429":"n","430":"t","431":"s","432":"/","433":"G","434":"i","435":"t","436":"H","437":"u","438":"b","439":"/","440":"A","441":"r","442":"i","443":"e","444":"t","445":"_","446":"L","447":"2","448":"_","449":"w","450":"o","451":"r","452":"k","453":"s","454":"h","455":"o","456":"p","457":"/","458":"s","459":"r","460":"c","461":"/","462":"c","463":"o","464":"m","465":"p","466":"o","467":"n","468":"e","469":"n","470":"t","471":"s","472":"/","473":"F","474":"o","475":"o","476":"t","477":"e","478":"r","479":".","480":"v","481":"u","482":"e","483":"\"","484":",","485":"\"","486":"s","487":"o","488":"u","489":"r","490":"c","491":"e","492":"s","493":"C","494":"o","495":"n","496":"t","497":"e","498":"n","499":"t","500":"\"","501":":","502":"[","503":"\"","504":"<","505":"t","506":"e","507":"m","508":"p","509":"l","510":"a","511":"t","512":"e","513":">","514":"\\","515":"n","516":" ","517":" ","518":"<","519":"f","520":"o","521":"o","522":"t","523":"e","524":"r","525":" ","526":"c","527":"l","528":"a","529":"s","530":"s","531":"=","532":"\\","533":"\"","534":"f","535":"o","536":"o","537":"t","538":"e","539":"r","540":"\\","541":"\"","542":">","543":"\\","544":"n","545":" ","546":" ","547":" ","548":" ","549":"<","550":"d","551":"i","552":"v","553":" ","554":"c","555":"l","556":"a","557":"s","558":"s","559":"=","560":"\\","561":"\"","562":"f","563":"o","564":"o","565":"t","566":"e","567":"r","568":"-","569":"c","570":"o","571":"n","572":"t","573":"a","574":"i","575":"n","576":"e","577":"r","578":"\\","579":"\"","580":">","581":"\\","582":"n","583":" ","584":" ","585":" ","586":" ","587":" ","588":" ","589":"<","590":"p","591":" ","592":"c","593":"l","594":"a","595":"s","596":"s","597":"=","598":"\\","599":"\"","600":"f","601":"o","602":"o","603":"t","604":"e","605":"r","606":"-","607":"c","608":"o","609":"p","610":"y","611":"r","612":"i","613":"g","614":"h","615":"t","616":"\\","617":"\"","618":">","619":"\\","620":"n","621":" ","622":" ","623":" ","624":" ","625":" ","626":" ","627":" ","628":" ","629":"&","630":"c","631":"o","632":"p","633":"y","634":";","635":" ","636":"{","637":"{","638":" ","639":"c","640":"u","641":"r","642":"r","643":"e","644":"n","645":"t","646":"Y","647":"e","648":"a","649":"r","650":" ","651":"}","652":"}","653":" ","654":"S","655":"t","656":"o","657":"p","658":" ","659":"&","660":" ","661":"S","662":"h","663":"o","664":"p","665":".","666":" ","667":"A","668":"l","669":"l","670":" ","671":"r","672":"i","673":"g","674":"h","675":"t","676":"s","677":" ","678":"r","679":"e","680":"s","681":"e","682":"r","683":"v","684":"e","685":"d","686":".","687":"\\","688":"n","689":" ","690":" ","691":" ","692":" ","693":" ","694":" ","695":"<","696":"/","697":"p","698":">","699":"\\","700":"n","701":" ","702":" ","703":" ","704":" ","705":" ","706":" ","707":"<","708":"n","709":"a","710":"v","711":" ","712":"c","713":"l","714":"a","715":"s","716":"s","717":"=","718":"\\","719":"\"","720":"f","721":"o","722":"o","723":"t","724":"e","725":"r","726":"-","727":"n","728":"a","729":"v","730":"\\","731":"\"","732":" ","733":"a","734":"r","735":"i","736":"a","737":"-","738":"l","739":"a","740":"b","741":"e","742":"l","743":"=","744":"\\","745":"\"","746":"F","747":"o","748":"o","749":"t","750":"e","751":"r","752":" ","753":"n","754":"a","755":"v","756":"i","757":"g","758":"a","759":"t","760":"i","761":"o","762":"n","763":"\\","764":"\"","765":">","766":"\\","767":"n","768":" ","769":" ","770":" ","771":" ","772":" ","773":" ","774":" ","775":" ","776":"<","777":"u","778":"l","779":" ","780":"c","781":"l","782":"a","783":"s","784":"s","785":"=","786":"\\","787":"\"","788":"f","789":"o","790":"o","791":"t","792":"e","793":"r","794":"-","795":"n","796":"a","797":"v","798":"-","799":"l","800":"i","801":"s","802":"t","803":"\\","804":"\"","805":">","806":"\\","807":"n","808":" ","809":" ","810":" ","811":" ","812":" ","813":" ","814":" ","815":" ","816":" ","817":" ","818":"<","819":"l","820":"i","821":">","822":"<","823":"a","824":" ","825":"h","826":"r","827":"e","828":"f","829":"=","830":"\\","831":"\"","832":"#","833":"\\","834":"\"","835":" ","836":"c","837":"l","838":"a","839":"s","840":"s","841":"=","842":"\\","843":"\"","844":"f","845":"o","846":"o","847":"t","848":"e","849":"r","850":"-","851":"l","852":"i","853":"n","854":"k","855":"\\","856":"\"","857":">","858":"P","859":"r","860":"i","861":"v","862":"a","863":"c","864":"y","865":" ","866":"P","867":"o","868":"l","869":"i","870":"c","871":"y","872":"<","873":"/","874":"a","875":">","876":"<","877":"/","878":"l","879":"i","880":">","881":"\\","882":"n","883":" ","884":" ","885":" ","886":" ","887":" ","888":" ","889":" ","890":" ","891":" ","892":" ","893":"<","894":"l","895":"i","896":">","897":"<","898":"a","899":" ","900":"h","901":"r","902":"e","903":"f","904":"=","905":"\\","906":"\"","907":"#","908":"\\","909":"\"","910":" ","911":"c","912":"l","913":"a","914":"s","915":"s","916":"=","917":"\\","918":"\"","919":"f","920":"o","921":"o","922":"t","923":"e","924":"r","925":"-","926":"l","927":"i","928":"n","929":"k","930":"\\","931":"\"","932":">","933":"T","934":"e","935":"r","936":"m","937":"s","938":" ","939":"o","940":"f","941":" ","942":"S","943":"e","944":"r","945":"v","946":"i","947":"c","948":"e","949":"<","950":"/","951":"a","952":">","953":"<","954":"/","955":"l","956":"i","957":">","958":"\\","959":"n","960":" ","961":" ","962":" ","963":" ","964":" ","965":" ","966":" ","967":" ","968":" ","969":" ","970":"<","971":"l","972":"i","973":">","974":"<","975":"a","976":" ","977":"h","978":"r","979":"e","980":"f","981":"=","982":"\\","983":"\"","984":"#","985":"\\","986":"\"","987":" ","988":"c","989":"l","990":"a","991":"s","992":"s","993":"=","994":"\\","995":"\"","996":"f","997":"o","998":"o","999":"t","1000":"e","1001":"r","1002":"-","1003":"l","1004":"i","1005":"n","1006":"k","1007":"\\","1008":"\"","1009":">","1010":"C","1011":"o","1012":"n","1013":"t","1014":"a","1015":"c","1016":"t","1017":" ","1018":"U","1019":"s","1020":"<","1021":"/","1022":"a","1023":">","1024":"<","1025":"/","1026":"l","1027":"i","1028":">","1029":"\\","1030":"n","1031":" ","1032":" ","1033":" ","1034":" ","1035":" ","1036":" ","1037":" ","1038":" ","1039":"<","1040":"/","1041":"u","1042":"l","1043":">","1044":"\\","1045":"n","1046":" ","1047":" ","1048":" ","1049":" ","1050":" ","1051":" ","1052":"<","1053":"/","1054":"n","1055":"a","1056":"v","1057":">","1058":"\\","1059":"n","1060":" ","1061":" ","1062":" ","1063":" ","1064":"<","1065":"/","1066":"d","1067":"i","1068":"v","1069":">","1070":"\\","1071":"n","1072":" ","1073":" ","1074":"<","1075":"/","1076":"f","1077":"o","1078":"o","1079":"t","1080":"e","1081":"r","1082":">","1083":"\\","1084":"n","1085":"<","1086":"/","1087":"t","1088":"e","1089":"m","1090":"p","1091":"l","1092":"a","1093":"t","1094":"e","1095":">","1096":"\\","1097":"n","1098":"\\","1099":"n","1100":"<","1101":"s","1102":"c","1103":"r","1104":"i","1105":"p","1106":"t","1107":" ","1108":"l","1109":"a","1110":"n","1111":"g","1112":"=","1113":"\\","1114":"\"","1115":"t","1116":"s","1117":"\\","1118":"\"","1119":">","1120":"\\","1121":"n","1122":"i","1123":"m","1124":"p","1125":"o","1126":"r","1127":"t","1128":" ","1129":"{","1130":" ","1131":"d","1132":"e","1133":"f","1134":"i","1135":"n","1136":"e","1137":"C","1138":"o","1139":"m","1140":"p","1141":"o","1142":"n","1143":"e","1144":"n","1145":"t","1146":" ","1147":"}","1148":" ","1149":"f","1150":"r","1151":"o","1152":"m","1153":" ","1154":"'","1155":"v","1156":"u","1157":"e","1158":"'","1159":";","1160":"\\","1161":"n","1162":"\\","1163":"n","1164":"e","1165":"x","1166":"p","1167":"o","1168":"r","1169":"t","1170":" ","1171":"d","1172":"e","1173":"f","1174":"a","1175":"u","1176":"l","1177":"t","1178":" ","1179":"d","1180":"e","1181":"f","1182":"i","1183":"n","1184":"e","1185":"C","1186":"o","1187":"m","1188":"p","1189":"o","1190":"n","1191":"e","1192":"n","1193":"t","1194":"(","1195":"{","1196":"\\","1197":"n","1198":" ","1199":" ","1200":"n","1201":"a","1202":"m","1203":"e","1204":":","1205":" ","1206":"'","1207":"F","1208":"o","1209":"o","1210":"t","1211":"e","1212":"r","1213":"'","1214":",","1215":"\\","1216":"n","1217":" ","1218":" ","1219":"c","1220":"o","1221":"m","1222":"p","1223":"u","1224":"t","1225":"e","1226":"d","1227":":","1228":" ","1229":"{","1230":"\\","1231":"n","1232":" ","1233":" ","1234":" ","1235":" ","1236":"c","1237":"u","1238":"r","1239":"r","1240":"e","1241":"n","1242":"t","1243":"Y","1244":"e","1245":"a","1246":"r","1247":"(","1248":")","1249":":","1250":" ","1251":"n","1252":"u","1253":"m","1254":"b","1255":"e","1256":"r","1257":" ","1258":"{","1259":"\\","1260":"n","1261":" ","1262":" ","1263":" ","1264":" ","1265":" ","1266":" ","1267":"r","1268":"e","1269":"t","1270":"u","1271":"r","1272":"n","1273":" ","1274":"n","1275":"e","1276":"w","1277":" ","1278":"D","1279":"a","1280":"t","1281":"e","1282":"(","1283":")","1284":".","1285":"g","1286":"e","1287":"t","1288":"F","1289":"u","1290":"l","1291":"l","1292":"Y","1293":"e","1294":"a","1295":"r","1296":"(","1297":")","1298":";","1299":"\\","1300":"n","1301":" ","1302":" ","1303":" ","1304":" ","1305":"}","1306":",","1307":"\\","1308":"n","1309":" ","1310":" ","1311":"}","1312":",","1313":"\\","1314":"n","1315":"}","1316":")","1317":";","1318":"\\","1319":"n","1320":"<","1321":"/","1322":"s","1323":"c","1324":"r","1325":"i","1326":"p","1327":"t","1328":">","1329":"\\","1330":"n","1331":"\\","1332":"n","1333":"<","1334":"s","1335":"t","1336":"y","1337":"l","1338":"e","1339":" ","1340":"s","1341":"c","1342":"o","1343":"p","1344":"e","1345":"d","1346":" ","1347":"l","1348":"a","1349":"n","1350":"g","1351":"=","1352":"\\","1353":"\"","1354":"s","1355":"c","1356":"s","1357":"s","1358":"\\","1359":"\"","1360":">","1361":"\\","1362":"n","1363":".","1364":"f","1365":"o","1366":"o","1367":"t","1368":"e","1369":"r","1370":" ","1371":"{","1372":"\\","1373":"n","1374":" ","1375":" ","1376":"b","1377":"a","1378":"c","1379":"k","1380":"g","1381":"r","1382":"o","1383":"u","1384":"n","1385":"d","1386":"-","1387":"c","1388":"o","1389":"l","1390":"o","1391":"r","1392":":","1393":" ","1394":"v","1395":"a","1396":"r","1397":"(","1398":"-","1399":"-","1400":"c","1401":"o","1402":"l","1403":"o","1404":"r","1405":"-","1406":"b","1407":"a","1408":"c","1409":"k","1410":"g","1411":"r","1412":"o","1413":"u","1414":"n","1415":"d","1416":"-","1417":"a","1418":"l","1419":"t","1420":")","1421":";","1422":"\\","1423":"n","1424":" ","1425":" ","1426":"b","1427":"o","1428":"r","1429":"d","1430":"e","1431":"r","1432":"-","1433":"t","1434":"o","1435":"p","1436":":","1437":" ","1438":"1","1439":"p","1440":"x","1441":" ","1442":"s","1443":"o","1444":"l","1445":"i","1446":"d","1447":" ","1448":"v","1449":"a","1450":"r","1451":"(","1452":"-","1453":"-","1454":"c","1455":"o","1456":"l","1457":"o","1458":"r","1459":"-","1460":"b","1461":"o","1462":"r","1463":"d","1464":"e","1465":"r","1466":")","1467":";","1468":"\\","1469":"n","1470":" ","1471":" ","1472":"p","1473":"a","1474":"d","1475":"d","1476":"i","1477":"n","1478":"g","1479":":","1480":" ","1481":"v","1482":"a","1483":"r","1484":"(","1485":"-","1486":"-","1487":"s","1488":"p","1489":"a","1490":"c","1491":"i","1492":"n","1493":"g","1494":"-","1495":"x","1496":"l","1497":")","1498":" ","1499":"0","1500":";","1501":"\\","1502":"n","1503":" ","1504":" ","1505":"m","1506":"a","1507":"r","1508":"g","1509":"i","1510":"n","1511":"-","1512":"t","1513":"o","1514":"p","1515":":","1516":" ","1517":"a","1518":"u","1519":"t","1520":"o","1521":";","1522":"\\","1523":"n","1524":"}","1525":"\\","1526":"n","1527":"\\","1528":"n","1529":".","1530":"f","1531":"o","1532":"o","1533":"t","1534":"e","1535":"r","1536":"-","1537":"c","1538":"o","1539":"n","1540":"t","1541":"a","1542":"i","1543":"n","1544":"e","1545":"r","1546":" ","1547":"{","1548":"\\","1549":"n","1550":" ","1551":" ","1552":"m","1553":"a","1554":"x","1555":"-","1556":"w","1557":"i","1558":"d","1559":"t","1560":"h","1561":":","1562":" ","1563":"1","1564":"2","1565":"8","1566":"0","1567":"p","1568":"x","1569":";","1570":"\\","1571":"n","1572":" ","1573":" ","1574":"m","1575":"a","1576":"r","1577":"g","1578":"i","1579":"n","1580":":","1581":" ","1582":"0","1583":" ","1584":"a","1585":"u","1586":"t","1587":"o","1588":";","1589":"\\","1590":"n","1591":" ","1592":" ","1593":"p","1594":"a","1595":"d","1596":"d","1597":"i","1598":"n","1599":"g","1600":":","1601":" ","1602":"0","1603":" ","1604":"v","1605":"a","1606":"r","1607":"(","1608":"-","1609":"-","1610":"s","1611":"p","1612":"a","1613":"c","1614":"i","1615":"n","1616":"g","1617":"-","1618":"m","1619":"d","1620":")","1621":";","1622":"\\","1623":"n","1624":" ","1625":" ","1626":"d","1627":"i","1628":"s","1629":"p","1630":"l","1631":"a","1632":"y","1633":":","1634":" ","1635":"f","1636":"l","1637":"e","1638":"x","1639":";","1640":"\\","1641":"n","1642":" ","1643":" ","1644":"f","1645":"l","1646":"e","1647":"x","1648":"-","1649":"d","1650":"i","1651":"r","1652":"e","1653":"c","1654":"t","1655":"i","1656":"o","1657":"n","1658":":","1659":" ","1660":"c","1661":"o","1662":"l","1663":"u","1664":"m","1665":"n","1666":";","1667":"\\","1668":"n","1669":" ","1670":" ","1671":"a","1672":"l","1673":"i","1674":"g","1675":"n","1676":"-","1677":"i","1678":"t","1679":"e","1680":"m","1681":"s","1682":":","1683":" ","1684":"c","1685":"e","1686":"n","1687":"t","1688":"e","1689":"r","1690":";","1691":"\\","1692":"n","1693":" ","1694":" ","1695":"g","1696":"a","1697":"p","1698":":","1699":" ","1700":"v","1701":"a","1702":"r","1703":"(","1704":"-","1705":"-","1706":"s","1707":"p","1708":"a","1709":"c","1710":"i","1711":"n","1712":"g","1713":"-","1714":"m","1715":"d","1716":")","1717":";","1718":"\\","1719":"n","1720":"\\","1721":"n","1722":" ","1723":" ","1724":"@","1725":"m","1726":"e","1727":"d","1728":"i","1729":"a","1730":" ","1731":"(","1732":"m","1733":"i","1734":"n","1735":"-","1736":"w","1737":"i","1738":"d","1739":"t","1740":"h","1741":":","1742":" ","1743":"7","1744":"6","1745":"8","1746":"p","1747":"x","1748":")","1749":" ","1750":"{","1751":"\\","1752":"n","1753":" ","1754":" ","1755":" ","1756":" ","1757":"f","1758":"l","1759":"e","1760":"x","1761":"-","1762":"d","1763":"i","1764":"r","1765":"e","1766":"c","1767":"t","1768":"i","1769":"o","1770":"n","1771":":","1772":" ","1773":"r","1774":"o","1775":"w","1776":";","1777":"\\","1778":"n","1779":" ","1780":" ","1781":" ","1782":" ","1783":"j","1784":"u","1785":"s","1786":"t","1787":"i","1788":"f","1789":"y","1790":"-","1791":"c","1792":"o","1793":"n","1794":"t","1795":"e","1796":"n","1797":"t","1798":":","1799":" ","1800":"s","1801":"p","1802":"a","1803":"c","1804":"e","1805":"-","1806":"b","1807":"e","1808":"t","1809":"w","1810":"e","1811":"e","1812":"n","1813":";","1814":"\\","1815":"n","1816":" ","1817":" ","1818":"}","1819":"\\","1820":"n","1821":"}","1822":"\\","1823":"n","1824":"\\","1825":"n","1826":".","1827":"f","1828":"o","1829":"o","1830":"t","1831":"e","1832":"r","1833":"-","1834":"c","1835":"o","1836":"p","1837":"y","1838":"r","1839":"i","1840":"g","1841":"h","1842":"t","1843":" ","1844":"{","1845":"\\","1846":"n","1847":" ","1848":" ","1849":"c","1850":"o","1851":"l","1852":"o","1853":"r","1854":":","1855":" ","1856":"v","1857":"a","1858":"r","1859":"(","1860":"-","1861":"-","1862":"c","1863":"o","1864":"l","1865":"o","1866":"r","1867":"-","1868":"t","1869":"e","1870":"x","1871":"t","1872":"-","1873":"l","1874":"i","1875":"g","1876":"h","1877":"t","1878":")","1879":";","1880":"\\","1881":"n","1882":" ","1883":" ","1884":"f","1885":"o","1886":"n","1887":"t","1888":"-","1889":"s","1890":"i","1891":"z","1892":"e","1893":":","1894":" ","1895":"v","1896":"a","1897":"r","1898":"(","1899":"-","1900":"-","1901":"f","1902":"o","1903":"n","1904":"t","1905":"-","1906":"s","1907":"i","1908":"z","1909":"e","1910":"-","1911":"s","1912":"m","1913":")","1914":";","1915":"\\","1916":"n","1917":" ","1918":" ","1919":"m","1920":"a","1921":"r","1922":"g","1923":"i","1924":"n","1925":":","1926":" ","1927":"0","1928":";","1929":"\\","1930":"n","1931":"}","1932":"\\","1933":"n","1934":"\\","1935":"n","1936":".","1937":"f","1938":"o","1939":"o","1940":"t","1941":"e","1942":"r","1943":"-","1944":"n","1945":"a","1946":"v","1947":"-","1948":"l","1949":"i","1950":"s","1951":"t","1952":" ","1953":"{","1954":"\\","1955":"n","1956":" ","1957":" ","1958":"d","1959":"i","1960":"s","1961":"p","1962":"l","1963":"a","1964":"y","1965":":","1966":" ","1967":"f","1968":"l","1969":"e","1970":"x","1971":";","1972":"\\","1973":"n","1974":" ","1975":" ","1976":"g","1977":"a","1978":"p","1979":":","1980":" ","1981":"v","1982":"a","1983":"r","1984":"(","1985":"-","1986":"-","1987":"s","1988":"p","1989":"a","1990":"c","1991":"i","1992":"n","1993":"g","1994":"-","1995":"l","1996":"g","1997":")","1998":";","1999":"\\","2000":"n","2001":" ","2002":" ","2003":"m","2004":"a","2005":"r","2006":"g","2007":"i","2008":"n","2009":":","2010":" ","2011":"0","2012":";","2013":"\\","2014":"n","2015":" ","2016":" ","2017":"p","2018":"a","2019":"d","2020":"d","2021":"i","2022":"n","2023":"g","2024":":","2025":" ","2026":"0","2027":";","2028":"\\","2029":"n","2030":" ","2031":" ","2032":"l","2033":"i","2034":"s","2035":"t","2036":"-","2037":"s","2038":"t","2039":"y","2040":"l","2041":"e","2042":":","2043":" ","2044":"n","2045":"o","2046":"n","2047":"e","2048":";","2049":"\\","2050":"n","2051":"}","2052":"\\","2053":"n","2054":"\\","2055":"n","2056":".","2057":"f","2058":"o","2059":"o","2060":"t","2061":"e","2062":"r","2063":"-","2064":"l","2065":"i","2066":"n","2067":"k","2068":" ","2069":"{","2070":"\\","2071":"n","2072":" ","2073":" ","2074":"c","2075":"o","2076":"l","2077":"o","2078":"r","2079":":","2080":" ","2081":"v","2082":"a","2083":"r","2084":"(","2085":"-","2086":"-","2087":"c","2088":"o","2089":"l","2090":"o","2091":"r","2092":"-","2093":"t","2094":"e","2095":"x","2096":"t","2097":"-","2098":"l","2099":"i","2100":"g","2101":"h","2102":"t","2103":")","2104":";","2105":"\\","2106":"n","2107":" ","2108":" ","2109":"t","2110":"e","2111":"x","2112":"t","2113":"-","2114":"d","2115":"e","2116":"c","2117":"o","2118":"r","2119":"a","2120":"t","2121":"i","2122":"o","2123":"n","2124":":","2125":" ","2126":"n","2127":"o","2128":"n","2129":"e","2130":";","2131":"\\","2132":"n","2133":" ","2134":" ","2135":"f","2136":"o","2137":"n","2138":"t","2139":"-","2140":"s","2141":"i","2142":"z","2143":"e","2144":":","2145":" ","2146":"v","2147":"a","2148":"r","2149":"(","2150":"-","2151":"-","2152":"f","2153":"o","2154":"n","2155":"t","2156":"-","2157":"s","2158":"i","2159":"z","2160":"e","2161":"-","2162":"s","2163":"m","2164":")","2165":";","2166":"\\","2167":"n","2168":" ","2169":" ","2170":"t","2171":"r","2172":"a","2173":"n","2174":"s","2175":"i","2176":"t","2177":"i","2178":"o","2179":"n","2180":":","2181":" ","2182":"c","2183":"o","2184":"l","2185":"o","2186":"r","2187":" ","2188":"v","2189":"a","2190":"r","2191":"(","2192":"-","2193":"-","2194":"t","2195":"r","2196":"a","2197":"n","2198":"s","2199":"i","2200":"t","2201":"i","2202":"o","2203":"n","2204":"-","2205":"f","2206":"a","2207":"s","2208":"t","2209":")","2210":";","2211":"\\","2212":"n","2213":"\\","2214":"n","2215":" ","2216":" ","2217":"&","2218":":","2219":"h","2220":"o","2221":"v","2222":"e","2223":"r","2224":" ","2225":"{","2226":"\\","2227":"n","2228":" ","2229":" ","2230":" ","2231":" ","2232":"c","2233":"o","2234":"l","2235":"o","2236":"r","2237":":","2238":" ","2239":"v","2240":"a","2241":"r","2242":"(","2243":"-","2244":"-","2245":"c","2246":"o","2247":"l","2248":"o","2249":"r","2250":"-","2251":"p","2252":"r","2253":"i","2254":"m","2255":"a","2256":"r","2257":"y","2258":")","2259":";","2260":"\\","2261":"n","2262":" ","2263":" ","2264":"}","2265":"\\","2266":"n","2267":"}","2268":"\\","2269":"n","2270":"<","2271":"/","2272":"s","2273":"t","2274":"y","2275":"l","2276":"e","2277":">","2278":"\\","2279":"n","2280":"\"","2281":"]","2282":"}"}}
,"/Users/pcvaxs5/Documents/GitHub/Ariet_L2_workshop/src/components/Header.vue": {"path":"/Users/pcvaxs5/Documents/GitHub/Ariet_L2_workshop/src/components/Header.vue","statementMap":{"0":{"start":{"line":3,"column":0},"end":{"line":5,"column":3}},"1":{"start":{"line":6,"column":12},"end":{"line":6,"column":26}},"2":{"start":{"line":7,"column":18},"end":{"line":7,"column":46}},"3":{"start":{"line":8,"column":0},"end":{"line":55,"column":3}},"4":{"start":{"line":11,"column":4},"end":{"line":13,"column":6}},"5":{"start":{"line":17,"column":6},"end":{"line":17,"column":56}},"6":{"start":{"line":20,"column":6},"end":{"line":20,"column":55}},"7":{"start":{"line":25,"column":6},"end":{"line":25,"column":42}},"8":{"start":{"line":28,"column":6},"end":{"line":52,"column":7}},"9":{"start":{"line":29,"column":22},"end":{"line":29,"column":59}},"10":{"start":{"line":31,"column":29},"end":{"line":33,"column":10}},"11":{"start":{"line":32,"column":10},"end":{"line":32,"column":62}},"12":{"start":{"line":34,"column":8},"end":{"line":51,"column":9}},"13":{"start":{"line":36,"column":10},"end":{"line":41,"column":13}},"14":{"start":{"line":42,"column":10},"end":{"line":42,"column":32}},"15":{"start":{"line":45,"column":10},"end":{"line":50,"column":13}},"16":{"start":{"line":56,"column":0},"end":{"line":56,"column":13}},"17":{"start":{"line":57,"column":20},"end":{"line":65,"column":1}},"18":{"start":{"line":58,"column":4},"end":{"line":63,"column":5}},"19":{"start":{"line":58,"column":40},"end":{"line":63,"column":5}},"20":{"start":{"line":58,"column":53},"end":{"line":58,"column":54}},"21":{"start":{"line":58,"column":60},"end":{"line":58,"column":71}},"22":{"start":{"line":59,"column":8},"end":{"line":62,"column":9}},"23":{"start":{"line":60,"column":12},"end":{"line":60,"column":65}},"24":{"start":{"line":60,"column":21},"end":{"line":60,"column":65}},"25":{"start":{"line":61,"column":12},"end":{"line":61,"column":28}},"26":{"start":{"line":64,"column":4},"end":{"line":64,"column":61}},"27":{"start":{"line":66,"column":0},"end":{"line":66,"column":62}},"28":{"start":{"line":67,"column":0},"end":{"line":67,"column":24}},"29":{"start":{"line":68,"column":12},"end":{"line":68,"column":26}},"30":{"start":{"line":69,"column":17},"end":{"line":69,"column":36}},"31":{"start":{"line":70,"column":17},"end":{"line":70,"column":40}},"32":{"start":{"line":71,"column":17},"end":{"line":71,"column":46}},"33":{"start":{"line":72,"column":17},"end":{"line":72,"column":43}},"34":{"start":{"line":73,"column":17},"end":{"line":73,"column":44}},"35":{"start":{"line":74,"column":17},"end":{"line":74,"column":47}},"36":{"start":{"line":76,"column":33},"end":{"line":76,"column":75}},"37":{"start":{"line":77,"column":4},"end":{"line":147,"column":8}},"38":{"start":{"line":84,"column":62},"end":{"line":90,"column":31}},"39":{"start":{"line":95,"column":93},"end":{"line":95,"column":130}},"40":{"start":{"line":103,"column":39},"end":{"line":103,"column":41}},"41":{"start":{"line":104,"column":28},"end":{"line":106,"column":29}},"42":{"start":{"line":104,"column":42},"end":{"line":104,"column":43}},"43":{"start":{"line":105,"column":32},"end":{"line":105,"column":57}},"44":{"start":{"line":107,"column":28},"end":{"line":107,"column":94}},"45":{"start":{"line":118,"column":43},"end":{"line":118,"column":45}},"46":{"start":{"line":119,"column":32},"end":{"line":121,"column":33}},"47":{"start":{"line":119,"column":46},"end":{"line":119,"column":47}},"48":{"start":{"line":120,"column":36},"end":{"line":120,"column":61}},"49":{"start":{"line":122,"column":32},"end":{"line":122,"column":98}},"50":{"start":{"line":138,"column":66},"end":{"line":140,"column":26}},"51":{"start":{"line":149,"column":1},"end":{"line":149,"column":48}}},"fnMap":{"0":{"name":"(anonymous_0)","decl":{"start":{"line":10,"column":8},"end":{"line":10,"column":9}},"loc":{"start":{"line":10,"column":20},"end":{"line":14,"column":3}},"line":10},"1":{"name":"(anonymous_1)","decl":{"start":{"line":16,"column":19},"end":{"line":16,"column":20}},"loc":{"start":{"line":16,"column":31},"end":{"line":18,"column":5}},"line":16},"2":{"name":"(anonymous_2)","decl":{"start":{"line":19,"column":15},"end":{"line":19,"column":16}},"loc":{"start":{"line":19,"column":27},"end":{"line":21,"column":5}},"line":19},"3":{"name":"(anonymous_3)","decl":{"start":{"line":24,"column":17},"end":{"line":24,"column":18}},"loc":{"start":{"line":24,"column":34},"end":{"line":26,"column":5}},"line":24},"4":{"name":"(anonymous_4)","decl":{"start":{"line":27,"column":18},"end":{"line":27,"column":19}},"loc":{"start":{"line":27,"column":30},"end":{"line":53,"column":5}},"line":27},"5":{"name":"(anonymous_5)","decl":{"start":{"line":31,"column":59},"end":{"line":31,"column":60}},"loc":{"start":{"line":31,"column":78},"end":{"line":33,"column":9}},"line":31},"6":{"name":"(anonymous_6)","decl":{"start":{"line":57,"column":52},"end":{"line":57,"column":53}},"loc":{"start":{"line":57,"column":78},"end":{"line":65,"column":1}},"line":57},"7":{"name":"render","decl":{"start":{"line":75,"column":9},"end":{"line":75,"column":15}},"loc":{"start":{"line":75,"column":30},"end":{"line":148,"column":1}},"line":75},"8":{"name":"(anonymous_8)","decl":{"start":{"line":84,"column":48},"end":{"line":84,"column":49}},"loc":{"start":{"line":84,"column":60},"end":{"line":90,"column":33}},"line":84},"9":{"name":"(anonymous_9)","decl":{"start":{"line":95,"column":73},"end":{"line":95,"column":74}},"loc":{"start":{"line":95,"column":91},"end":{"line":95,"column":132}},"line":95},"10":{"name":"(anonymous_10)","decl":{"start":{"line":102,"column":24},"end":{"line":102,"column":25}},"loc":{"start":{"line":102,"column":36},"end":{"line":108,"column":25}},"line":102},"11":{"name":"(anonymous_11)","decl":{"start":{"line":117,"column":28},"end":{"line":117,"column":29}},"loc":{"start":{"line":117,"column":40},"end":{"line":123,"column":29}},"line":117},"12":{"name":"(anonymous_12)","decl":{"start":{"line":138,"column":52},"end":{"line":138,"column":53}},"loc":{"start":{"line":138,"column":64},"end":{"line":140,"column":28}},"line":138}},"branchMap":{"0":{"loc":{"start":{"line":17,"column":13},"end":{"line":17,"column":55}},"type":"binary-expr","locations":[{"start":{"line":17,"column":13},"end":{"line":17,"column":50}},{"start":{"line":17,"column":54},"end":{"line":17,"column":55}}],"line":17},"1":{"loc":{"start":{"line":20,"column":13},"end":{"line":20,"column":54}},"type":"binary-expr","locations":[{"start":{"line":20,"column":13},"end":{"line":20,"column":49}},{"start":{"line":20,"column":53},"end":{"line":20,"column":54}}],"line":20},"2":{"loc":{"start":{"line":28,"column":6},"end":{"line":52,"column":7}},"type":"if","locations":[{"start":{"line":28,"column":6},"end":{"line":52,"column":7}},{"start":{},"end":{}}],"line":28},"3":{"loc":{"start":{"line":34,"column":8},"end":{"line":51,"column":9}},"type":"if","locations":[{"start":{"line":34,"column":8},"end":{"line":51,"column":9}},{"start":{"line":43,"column":15},"end":{"line":51,"column":9}}],"line":34},"4":{"loc":{"start":{"line":57,"column":20},"end":{"line":65,"column":1}},"type":"binary-expr","locations":[{"start":{"line":57,"column":21},"end":{"line":57,"column":25}},{"start":{"line":57,"column":29},"end":{"line":57,"column":47}},{"start":{"line":57,"column":52},"end":{"line":65,"column":1}}],"line":57},"5":{"loc":{"start":{"line":58,"column":4},"end":{"line":63,"column":5}},"type":"if","locations":[{"start":{"line":58,"column":4},"end":{"line":63,"column":5}},{"start":{},"end":{}}],"line":58},"6":{"loc":{"start":{"line":58,"column":8},"end":{"line":58,"column":38}},"type":"binary-expr","locations":[{"start":{"line":58,"column":8},"end":{"line":58,"column":12}},{"start":{"line":58,"column":16},"end":{"line":58,"column":38}}],"line":58},"7":{"loc":{"start":{"line":59,"column":8},"end":{"line":62,"column":9}},"type":"if","locations":[{"start":{"line":59,"column":8},"end":{"line":62,"column":9}},{"start":{},"end":{}}],"line":59},"8":{"loc":{"start":{"line":59,"column":12},"end":{"line":59,"column":30}},"type":"binary-expr","locations":[{"start":{"line":59,"column":12},"end":{"line":59,"column":14}},{"start":{"line":59,"column":18},"end":{"line":59,"column":30}}],"line":59},"9":{"loc":{"start":{"line":60,"column":12},"end":{"line":60,"column":65}},"type":"if","locations":[{"start":{"line":60,"column":12},"end":{"line":60,"column":65}},{"start":{},"end":{}}],"line":60},"10":{"loc":{"start":{"line":64,"column":21},"end":{"line":64,"column":59}},"type":"binary-expr","locations":[{"start":{"line":64,"column":21},"end":{"line":64,"column":23}},{"start":{"line":64,"column":27},"end":{"line":64,"column":59}}],"line":64},"11":{"loc":{"start":{"line":84,"column":88},"end":{"line":90,"column":22}},"type":"binary-expr","locations":[{"start":{"line":84,"column":88},"end":{"line":84,"column":97}},{"start":{"line":84,"column":102},"end":{"line":90,"column":21}}],"line":84},"12":{"loc":{"start":{"line":95,"column":47},"end":{"line":95,"column":133}},"type":"binary-expr","locations":[{"start":{"line":95,"column":47},"end":{"line":95,"column":56}},{"start":{"line":95,"column":61},"end":{"line":95,"column":132}}],"line":95},"13":{"loc":{"start":{"line":100,"column":33},"end":{"line":108,"column":38}},"type":"binary-expr","locations":[{"start":{"line":100,"column":33},"end":{"line":100,"column":42}},{"start":{"line":100,"column":47},"end":{"line":108,"column":37}}],"line":100},"14":{"loc":{"start":{"line":107,"column":36},"end":{"line":107,"column":92}},"type":"binary-expr","locations":[{"start":{"line":107,"column":36},"end":{"line":107,"column":53}},{"start":{"line":107,"column":57},"end":{"line":107,"column":92}}],"line":107},"15":{"loc":{"start":{"line":115,"column":33},"end":{"line":123,"column":30}},"type":"binary-expr","locations":[{"start":{"line":115,"column":33},"end":{"line":115,"column":42}},{"start":{"line":115,"column":47},"end":{"line":123,"column":29}}],"line":115},"16":{"loc":{"start":{"line":122,"column":40},"end":{"line":122,"column":96}},"type":"binary-expr","locations":[{"start":{"line":122,"column":40},"end":{"line":122,"column":57}},{"start":{"line":122,"column":61},"end":{"line":122,"column":96}}],"line":122},"17":{"loc":{"start":{"line":124,"column":42},"end":{"line":126,"column":22}},"type":"binary-expr","locations":[{"start":{"line":124,"column":42},"end":{"line":124,"column":51}},{"start":{"line":124,"column":56},"end":{"line":126,"column":21}}],"line":124},"18":{"loc":{"start":{"line":129,"column":20},"end":{"line":132,"column":51}},"type":"binary-expr","locations":[{"start":{"line":129,"column":20},"end":{"line":129,"column":29}},{"start":{"line":129,"column":34},"end":{"line":132,"column":50}}],"line":129},"19":{"loc":{"start":{"line":146,"column":8},"end":{"line":146,"column":640}},"type":"binary-expr","locations":[{"start":{"line":146,"column":8},"end":{"line":146,"column":17}},{"start":{"line":146,"column":22},"end":{"line":146,"column":639}}],"line":146}},"s":{"0":0,"1":0,"2":0,"3":0,"4":0,"5":0,"6":0,"7":0,"8":0,"9":0,"10":0,"11":0,"12":0,"13":0,"14":0,"15":0,"16":0,"17":0,"18":0,"19":0,"20":0,"21":0,"22":0,"23":0,"24":0,"25":0,"26":0,"27":0,"28":0,"29":0,"30":0,"31":0,"32":0,"33":0,"34":0,"35":0,"36":0,"37":0,"38":0,"39":0,"40":0,"41":0,"42":0,"43":0,"44":0,"45":0,"46":0,"47":0,"48":0,"49":0,"50":0,"51":0},"f":{"0":0,"1":0,"2":0,"3":0,"4":0,"5":0,"6":0,"7":0,"8":0,"9":0,"10":0,"11":0,"12":0},"b":{"0":[0,0],"1":[0,0],"2":[0,0],"3":[0,0],"4":[0,0,0],"5":[0,0],"6":[0,0],"7":[0,0],"8":[0,0],"9":[0,0],"10":[0,0],"11":[0,0],"12":[0,0],"13":[0,0],"14":[0,0],"15":[0,0],"16":[0,0],"17":[0,0],"18":[0,0],"19":[0,0]},"inputSourceMap":{"0":"{","1":"\"","2":"v","3":"e","4":"r","5":"s","6":"i","7":"o","8":"n","9":"\"","10":":","11":"3","12":",","13":"\"","14":"s","15":"o","16":"u","17":"r","18":"c","19":"e","20":"s","21":"\"","22":":","23":"[","24":"\"","25":"/","26":"U","27":"s","28":"e","29":"r","30":"s","31":"/","32":"p","33":"c","34":"v","35":"a","36":"x","37":"s","38":"5","39":"/","40":"D","41":"o","42":"c","43":"u","44":"m","45":"e","46":"n","47":"t","48":"s","49":"/","50":"G","51":"i","52":"t","53":"H","54":"u","55":"b","56":"/","57":"A","58":"r","59":"i","60":"e","61":"t","62":"_","63":"L","64":"2","65":"_","66":"w","67":"o","68":"r","69":"k","70":"s","71":"h","72":"o","73":"p","74":"/","75":"s","76":"r","77":"c","78":"/","79":"c","80":"o","81":"m","82":"p","83":"o","84":"n","85":"e","86":"n","87":"t","88":"s","89":"/","90":"H","91":"e","92":"a","93":"d","94":"e","95":"r","96":".","97":"v","98":"u","99":"e","100":"\"","101":"]","102":",","103":"\"","104":"n","105":"a","106":"m","107":"e","108":"s","109":"\"","110":":","111":"[","112":"]","113":",","114":"\"","115":"m","116":"a","117":"p","118":"p","119":"i","120":"n","121":"g","122":"s","123":"\"","124":":","125":"\"","126":";","127":";","128":"A","129":"A","130":"o","131":"D","132":"A","133":",","134":"M","135":"A","136":"A","137":"M","138":",","139":"C","140":"A","141":"A","142":"C","143":",","144":"c","145":"A","146":"A","147":"c","148":",","149":"C","150":"A","151":"A","152":"C","153":",","154":"O","155":"A","156":"A","157":"O","158":",","159":"E","160":"A","161":"A","162":"E","163":",","164":"Y","165":"A","166":"A","167":"Y","168":",","169":"E","170":"A","171":"A","172":"E","173":";","174":"E","175":"A","176":"A","177":"E","178":",","179":"K","180":"A","181":"A","182":"K","183":",","184":"E","185":"A","186":"A","187":"E","188":";","189":"A","190":"A","191":"A","192":"K","193":",","194":"C","195":"A","196":"A","197":"C","198":",","199":"C","200":"A","201":"A","202":"C","203":";","204":"A","205":"A","206":"C","207":"7","208":"D","209":",","210":"I","211":"A","212":"A","213":"I","214":",","215":"K","216":"A","217":"A","218":"K","219":",","220":"G","221":"A","222":"A","223":"G","224":",","225":"O","226":"A","227":"A","228":"O","229":",","230":"C","231":"A","232":"A","233":"C","234":",","235":"K","236":"A","237":"A","238":"K","239":",","240":"C","241":"A","242":"A","243":"C","244":";","245":";","246":"A","247":"A","248":"E","249":"1","250":"B","251":",","252":"O","253":"A","254":"A","255":"O","256":",","257":"C","258":"A","259":"A","260":"C","261":",","262":"O","263":"A","264":"A","265":"O","266":",","267":"G","268":"A","269":"A","270":"G","271":",","272":"C","273":"A","274":"A","275":"C","276":",","277":"C","278":"A","279":"A","280":"C","281":",","282":"E","283":"A","284":"A","285":"E","286":",","287":"K","288":"A","289":"A","290":"K","291":",","292":"C","293":"A","294":"A","295":"C","296":",","297":"e","298":"A","299":"A","300":"e","301":",","302":"E","303":"A","304":"A","305":"E","306":";","307":"E","308":"A","309":"C","310":"z","311":"C","312":",","313":"I","314":"A","315":"A","316":"I","317":",","318":"E","319":"A","320":"A","321":"E","322":",","323":"Q","324":"A","325":"A","326":"Q","327":";","328":"E","329":"A","330":"C","331":"d","332":",","333":"I","334":"A","335":"A","336":"I","337":",","338":"E","339":"A","340":"A","341":"E","342":",","343":"Y","344":"A","345":"A","346":"Y","347":";","348":"I","349":"A","350":"C","351":"d","352":",","353":"O","354":"A","355":"A","356":"O","357":";","358":"M","359":"A","360":"C","361":"H","362":",","363":"W","364":"A","365":"A","366":"W","367":",","368":"E","369":"A","370":"A","371":"E","372":";","373":"I","374":"A","375":"C","376":"j","377":"B","378":",","379":"C","380":"A","381":"A","382":"C","383":";","384":"E","385":"A","386":"C","387":"L","388":",","389":"C","390":"A","391":"A","392":"C","393":";","394":"E","395":"A","396":"C","397":"D","398":",","399":"Q","400":"A","401":"A","402":"Q","403":",","404":"E","405":"A","406":"A","407":"E","408":";","409":"I","410":"A","411":"C","412":"N","413":",","414":"a","415":"A","416":"A","417":"a","418":",","419":"E","420":"A","421":"A","422":"E","423":",","424":"Y","425":"A","426":"A","427":"Y","428":";","429":"M","430":"A","431":"C","432":"v","433":"B","434":",","435":"O","436":"A","437":"A","438":"O","439":",","440":"I","441":"A","442":"A","443":"I","444":",","445":"C","446":"A","447":"A","448":"C","449":",","450":"M","451":"A","452":"A","453":"M","454":",","455":"C","456":"A","457":"A","458":"C","459":",","460":"O","461":"A","462":"A","463":"O","464":",","465":"C","466":"A","467":"A","468":"C","469":",","470":"g","471":"B","472":"A","473":"A","474":"g","475":"B","476":",","477":"C","478":"A","479":"A","480":"C","481":",","482":"I","483":"A","484":"A","485":"I","486":",","487":"C","488":"A","489":"A","490":"C","491":";","492":"I","493":"A","494":"C","495":"r","496":"D","497":",","498":"C","499":"A","500":"A","501":"C","502":";","503":"I","504":"A","505":"C","506":"D","507":",","508":"S","509":"A","510":"A","511":"S","512":",","513":"E","514":"A","515":"A","516":"E","517":",","518":"Y","519":"A","520":"A","521":"Y","522":";","523":"M","524":"A","525":"C","526":"n","527":"B","528":",","529":"O","530":"A","531":"A","532":"O","533":",","534":"I","535":"A","536":"A","537":"I","538":",","539":"C","540":"A","541":"A","542":"C","543":",","544":"M","545":"A","546":"A","547":"M","548":",","549":"C","550":"A","551":"A","552":"C","553":",","554":"O","555":"A","556":"A","557":"O","558":",","559":"C","560":"A","561":"A","562":"C","563":",","564":"e","565":"A","566":"A","567":"e","568":",","569":"C","570":"A","571":"A","572":"C","573":",","574":"I","575":"A","576":"A","577":"I","578":",","579":"C","580":"A","581":"A","582":"C","583":";","584":"I","585":"A","586":"C","587":"p","588":"D","589":";","590":"E","591":"A","592":"C","593":"J","594":",","595":"C","596":"A","597":"A","598":"C","599":";","600":"E","601":"A","602":"C","603":"D","604":",","605":"O","606":"A","607":"A","608":"O","609":",","610":"E","611":"A","612":"A","613":"E","614":";","615":"I","616":"A","617":"C","618":"L","619":",","620":"W","621":"A","622":"A","623":"W","624":",","625":"E","626":"A","627":"A","628":"E","629":",","630":"U","631":"A","632":"A","633":"U","634":",","635":"K","636":"A","637":"A","638":"K","639":",","640":"E","641":"A","642":"A","643":"E","644":";","645":"M","646":"A","647":"C","648":"1","649":"B","650":",","651":"O","652":"A","653":"A","654":"O","655":",","656":"G","657":"A","658":"A","659":"G","660":",","661":"C","662":"A","663":"A","664":"C","665":",","666":"M","667":"A","668":"A","669":"M","670":",","671":"C","672":"A","673":"A","674":"C","675":",","676":"K","677":"A","678":"A","679":"K","680":",","681":"C","682":"A","683":"A","684":"C","685":",","686":"O","687":"A","688":"A","689":"O","690":",","691":"C","692":"A","693":"A","694":"C","695":",","696":"C","697":"A","698":"A","699":"C","700":",","701":"C","702":"A","703":"A","704":"C","705":",","706":"C","707":"A","708":"A","709":"C","710":";","711":"I","712":"A","713":"C","714":"v","715":"C","716":",","717":"C","718":"A","719":"A","720":"C","721":";","722":"I","723":"A","724":"C","725":"D","726":",","727":"Y","728":"A","729":"A","730":"Y","731":",","732":"E","733":"A","734":"A","735":"E","736":",","737":"Y","738":"A","739":"A","740":"Y","741":";","742":"M","743":"A","744":"C","745":"t","746":"B","747":",","748":"I","749":"A","750":"A","751":"I","752":",","753":"I","754":"A","755":"A","756":"I","757":",","758":"C","759":"A","760":"A","761":"C","762":",","763":"W","764":"A","765":"A","766":"W","767":",","768":"C","769":"A","770":"A","771":"C","772":",","773":"I","774":"A","775":"A","776":"I","777":",","778":"C","779":"A","780":"A","781":"C","782":",","783":"C","784":"A","785":"A","786":"C","787":",","788":"E","789":"A","790":"A","791":"E","792":";","793":"Q","794":"A","795":"C","796":"z","797":"B","798":",","799":"I","800":"A","801":"A","802":"I","803":",","804":"O","805":"A","806":"A","807":"O","808":",","809":"G","810":"A","811":"A","812":"G","813":",","814":"I","815":"A","816":"A","817":"I","818":",","819":"C","820":"A","821":"A","822":"C","823":",","824":"W","825":"A","826":"A","827":"W","828":",","829":"C","830":"A","831":"A","832":"C","833":",","834":"W","835":"A","836":"A","837":"W","838":",","839":"C","840":"A","841":"A","842":"C","843":",","844":"C","845":"A","846":"A","847":"C","848":",","849":"C","850":"A","851":"A","852":"C","853":",","854":"I","855":"A","856":"A","857":"I","858":",","859":"C","860":"A","861":"A","862":"C","863":",","864":"C","865":"A","866":"A","867":"C","868":";","869":";","870":"Q","871":"A","872":"E","873":"n","874":"D","875":",","876":"I","877":"A","878":"A","879":"I","880":",","881":"c","882":"A","883":"A","884":"c","885":",","886":"G","887":"A","888":"A","889":"G","890":",","891":"W","892":"A","893":"A","894":"W","895":",","896":"C","897":"A","898":"A","899":"C","900":",","901":"Y","902":"A","903":"A","904":"Y","905":",","906":"C","907":"A","908":"A","909":"C","910":",","911":"I","912":"A","913":"A","914":"I","915":",","916":"C","917":"A","918":"A","919":"C","920":",","921":"U","922":"A","923":"A","924":"U","925":",","926":"O","927":"A","928":"A","929":"O","930":",","931":"E","932":"A","933":"A","934":"E","935":";","936":"U","937":"A","938":"C","939":"l","940":"E","941":",","942":"O","943":"A","944":"A","945":"O","946":",","947":"O","948":"A","949":"A","950":"O","951":",","952":"C","953":"A","954":"A","955":"C","956":",","957":"I","958":"A","959":"A","960":"I","961":",","962":"C","963":"A","964":"A","965":"C","966":",","967":"W","968":"A","969":"A","970":"W","971":",","972":"C","973":"A","974":"A","975":"C","976":",","977":"C","978":"A","979":"A","980":"C","981":",","982":"C","983":"A","984":"A","985":"C","986":",","987":"Q","988":"A","989":"A","990":"Q","991":",","992":"C","993":"A","994":"A","995":"C","996":",","997":"O","998":"A","999":"A","1000":"O","1001":",","1002":"C","1003":"A","1004":"A","1005":"C","1006":";","1007":"Q","1008":"A","1009":"C","1010":"v","1011":"D","1012":",","1013":"C","1014":"A","1015":"A","1016":"C","1017":",","1018":"C","1019":"A","1020":"A","1021":"C","1022":";","1023":"Q","1024":"A","1025":"C","1026":"F","1027":",","1028":"I","1029":"A","1030":"A","1031":"I","1032":",","1033":"c","1034":"A","1035":"A","1036":"c","1037":",","1038":"E","1039":"A","1040":"A","1041":"E","1042":";","1043":";","1044":"U","1045":"A","1046":"E","1047":"h","1048":"B","1049":",","1050":"I","1051":"A","1052":"A","1053":"I","1054":",","1055":"C","1056":"A","1057":"A","1058":"C","1059":",","1060":"O","1061":"A","1062":"A","1063":"O","1064":",","1065":"C","1066":"A","1067":"A","1068":"C","1069":",","1070":"I","1071":"A","1072":"A","1073":"I","1074":",","1075":"C","1076":"A","1077":"A","1078":"C","1079":";","1080":"Y","1081":"A","1082":"C","1083":"d","1084":",","1085":"I","1086":"A","1087":"A","1088":"I","1089":",","1090":"E","1091":"A","1092":"A","1093":"E","1094":",","1095":"i","1096":"B","1097":"A","1098":"A","1099":"i","1100":"B","1101":";","1102":"Y","1103":"A","1104":"C","1105":"v","1106":"B","1107":",","1108":"M","1109":"A","1110":"A","1111":"M","1112":",","1113":"E","1114":"A","1115":"A","1116":"E","1117":";","1118":"c","1119":"A","1120":"A","1121":"E","1122":",","1123":"E","1124":"A","1125":"A","1126":"E","1127":",","1128":"E","1129":"A","1130":"A","1131":"E","1132":",","1133":"c","1134":"A","1135":"A","1136":"c","1137":",","1138":"C","1139":"A","1140":"A","1141":"C","1142":";","1143":"Y","1144":"A","1145":"A","1146":"G","1147":";","1148":"U","1149":"A","1150":"C","1151":"p","1152":"C","1153":",","1154":"C","1155":"A","1156":"A","1157":"C","1158":",","1159":"C","1160":"A","1161":"A","1162":"C","1163":";","1164":"U","1165":"A","1166":"C","1167":"F","1168":",","1169":"I","1170":"A","1171":"A","1172":"I","1173":",","1174":"C","1175":"A","1176":"A","1177":"C","1178":",","1179":"W","1180":"A","1181":"A","1182":"W","1183":",","1184":"G","1185":"A","1186":"A","1187":"G","1188":",","1189":"E","1190":"A","1191":"A","1192":"E","1193":",","1194":"C","1195":"A","1196":"A","1197":"C","1198":",","1199":"C","1200":"A","1201":"A","1202":"C","1203":";","1204":"Q","1205":"A","1206":"C","1207":"3","1208":"B","1209":",","1210":"C","1211":"A","1212":"A","1213":"C","1214":",","1215":"M","1216":"A","1217":"C","1218":"I","1219":";","1220":"U","1221":"A","1222":"C","1223":"D","1224":";","1225":"U","1226":"A","1227":"C","1228":"A","1229":",","1230":"I","1231":"A","1232":"A","1233":"I","1234":",","1235":"C","1236":"A","1237":"A","1238":"C","1239":",","1240":"O","1241":"A","1242":"A","1243":"O","1244":",","1245":"C","1246":"A","1247":"A","1248":"C","1249":",","1250":"I","1251":"A","1252":"A","1253":"I","1254":",","1255":"C","1256":"A","1257":"A","1258":"C","1259":";","1260":"Y","1261":"A","1262":"C","1263":"d","1264":",","1265":"I","1266":"A","1267":"A","1268":"I","1269":",","1270":"E","1271":"A","1272":"A","1273":"E","1274":",","1275":"i","1276":"B","1277":"A","1278":"A","1279":"i","1280":"B","1281":";","1282":"Y","1283":"A","1284":"C","1285":"v","1286":"B","1287":",","1288":"K","1289":"A","1290":"A","1291":"K","1292":",","1293":"E","1294":"A","1295":"A","1296":"E","1297":";","1298":"c","1299":"A","1300":"A","1301":"E","1302":",","1303":"M","1304":"A","1305":"A","1306":"M","1307":",","1308":"E","1309":"A","1310":"A","1311":"E","1312":";","1313":"Y","1314":"A","1315":"A","1316":"Q","1317":";","1318":"U","1319":"A","1320":"C","1321":"7","1322":"B","1323":",","1324":"C","1325":"A","1326":"A","1327":"C","1328":",","1329":"C","1330":"A","1331":"A","1332":"C","1333":";","1334":"Q","1335":"A","1336":"C","1337":"N","1338":";","1339":"M","1340":"A","1341":"C","1342":"J","1343":";","1344":"I","1345":"A","1346":"C","1347":"J","1348":";","1349":"E","1350":"A","1351":"C","1352":"J","1353":";","1354":"E","1355":"A","1356":"C","1357":"F","1358":"\"","1359":",","1360":"\"","1361":"f","1362":"i","1363":"l","1364":"e","1365":"\"","1366":":","1367":"\"","1368":"/","1369":"U","1370":"s","1371":"e","1372":"r","1373":"s","1374":"/","1375":"p","1376":"c","1377":"v","1378":"a","1379":"x","1380":"s","1381":"5","1382":"/","1383":"D","1384":"o","1385":"c","1386":"u","1387":"m","1388":"e","1389":"n","1390":"t","1391":"s","1392":"/","1393":"G","1394":"i","1395":"t","1396":"H","1397":"u","1398":"b","1399":"/","1400":"A","1401":"r","1402":"i","1403":"e","1404":"t","1405":"_","1406":"L","1407":"2","1408":"_","1409":"w","1410":"o","1411":"r","1412":"k","1413":"s","1414":"h","1415":"o","1416":"p","1417":"/","1418":"s","1419":"r","1420":"c","1421":"/","1422":"c","1423":"o","1424":"m","1425":"p","1426":"o","1427":"n","1428":"e","1429":"n","1430":"t","1431":"s","1432":"/","1433":"H","1434":"e","1435":"a","1436":"d","1437":"e","1438":"r","1439":".","1440":"v","1441":"u","1442":"e","1443":"\"","1444":",","1445":"\"","1446":"s","1447":"o","1448":"u","1449":"r","1450":"c","1451":"e","1452":"s","1453":"C","1454":"o","1455":"n","1456":"t","1457":"e","1458":"n","1459":"t","1460":"\"","1461":":","1462":"[","1463":"\"","1464":"<","1465":"t","1466":"e","1467":"m","1468":"p","1469":"l","1470":"a","1471":"t","1472":"e","1473":">","1474":"\\","1475":"n","1476":" ","1477":" ","1478":"<","1479":"h","1480":"e","1481":"a","1482":"d","1483":"e","1484":"r","1485":" ","1486":"c","1487":"l","1488":"a","1489":"s","1490":"s","1491":"=","1492":"\\","1493":"\"","1494":"h","1495":"e","1496":"a","1497":"d","1498":"e","1499":"r","1500":"\\","1501":"\"","1502":">","1503":"\\","1504":"n","1505":" ","1506":" ","1507":" ","1508":" ","1509":"<","1510":"d","1511":"i","1512":"v","1513":" ","1514":"c","1515":"l","1516":"a","1517":"s","1518":"s","1519":"=","1520":"\\","1521":"\"","1522":"h","1523":"e","1524":"a","1525":"d","1526":"e","1527":"r","1528":"-","1529":"t","1530":"o","1531":"p","1532":"\\","1533":"\"","1534":">","1535":"\\","1536":"n","1537":" ","1538":" ","1539":" ","1540":" ","1541":" ","1542":" ","1543":"<","1544":"d","1545":"i","1546":"v","1547":" ","1548":"c","1549":"l","1550":"a","1551":"s","1552":"s","1553":"=","1554":"\\","1555":"\"","1556":"h","1557":"e","1558":"a","1559":"d","1560":"e","1561":"r","1562":"-","1563":"c","1564":"o","1565":"n","1566":"t","1567":"a","1568":"i","1569":"n","1570":"e","1571":"r","1572":"\\","1573":"\"","1574":">","1575":"\\","1576":"n","1577":" ","1578":" ","1579":" ","1580":" ","1581":" ","1582":" ","1583":" ","1584":" ","1585":"<","1586":"r","1587":"o","1588":"u","1589":"t","1590":"e","1591":"r","1592":"-","1593":"l","1594":"i","1595":"n","1596":"k","1597":" ","1598":"t","1599":"o","1600":"=","1601":"\\","1602":"\"","1603":"/","1604":"\\","1605":"\"","1606":" ","1607":"c","1608":"l","1609":"a","1610":"s","1611":"s","1612":"=","1613":"\\","1614":"\"","1615":"h","1616":"e","1617":"a","1618":"d","1619":"e","1620":"r","1621":"-","1622":"l","1623":"o","1624":"g","1625":"o","1626":"\\","1627":"\"","1628":">","1629":"\\","1630":"n","1631":" ","1632":" ","1633":" ","1634":" ","1635":" ","1636":" ","1637":" ","1638":" ","1639":" ","1640":" ","1641":"<","1642":"i","1643":"m","1644":"g","1645":" ","1646":"s","1647":"r","1648":"c","1649":"=","1650":"\\","1651":"\"","1652":"/","1653":"a","1654":"s","1655":"s","1656":"e","1657":"t","1658":"s","1659":"/","1660":"h","1661":"e","1662":"a","1663":"d","1664":"e","1665":"r","1666":"/","1667":"l","1668":"o","1669":"g","1670":"o","1671":".","1672":"p","1673":"n","1674":"g","1675":"\\","1676":"\"","1677":" ","1678":"a","1679":"l","1680":"t","1681":"=","1682":"\\","1683":"\"","1684":"S","1685":"t","1686":"o","1687":"p","1688":" ","1689":"&","1690":" ","1691":"S","1692":"h","1693":"o","1694":"p","1695":"\\","1696":"\"","1697":" ","1698":"c","1699":"l","1700":"a","1701":"s","1702":"s","1703":"=","1704":"\\","1705":"\"","1706":"h","1707":"e","1708":"a","1709":"d","1710":"e","1711":"r","1712":"-","1713":"l","1714":"o","1715":"g","1716":"o","1717":"-","1718":"i","1719":"m","1720":"a","1721":"g","1722":"e","1723":"\\","1724":"\"","1725":" ","1726":"/","1727":">","1728":"\\","1729":"n","1730":" ","1731":" ","1732":" ","1733":" ","1734":" ","1735":" ","1736":" ","1737":" ","1738":"<","1739":"/","1740":"r","1741":"o","1742":"u","1743":"t","1744":"e","1745":"r","1746":"-","1747":"l","1748":"i","1749":"n","1750":"k","1751":">","1752":"\\","1753":"n","1754":"\\","1755":"n","1756":" ","1757":" ","1758":" ","1759":" ","1760":" ","1761":" ","1762":" ","1763":" ","1764":"<","1765":"d","1766":"i","1767":"v","1768":" ","1769":"c","1770":"l","1771":"a","1772":"s","1773":"s","1774":"=","1775":"\\","1776":"\"","1777":"h","1778":"e","1779":"a","1780":"d","1781":"e","1782":"r","1783":"-","1784":"s","1785":"e","1786":"a","1787":"r","1788":"c","1789":"h","1790":"\\","1791":"\"","1792":">","1793":"\\","1794":"n","1795":" ","1796":" ","1797":" ","1798":" ","1799":" ","1800":" ","1801":" ","1802":" ","1803":" ","1804":" ","1805":"<","1806":"i","1807":"n","1808":"p","1809":"u","1810":"t","1811":" ","1812":"\\","1813":"n","1814":" ","1815":" ","1816":" ","1817":" ","1818":" ","1819":" ","1820":" ","1821":" ","1822":" ","1823":" ","1824":" ","1825":" ","1826":"v","1827":"-","1828":"m","1829":"o","1830":"d","1831":"e","1832":"l","1833":"=","1834":"\\","1835":"\"","1836":"s","1837":"e","1838":"a","1839":"r","1840":"c","1841":"h","1842":"Q","1843":"u","1844":"e","1845":"r","1846":"y","1847":"\\","1848":"\"","1849":"\\","1850":"n","1851":" ","1852":" ","1853":" ","1854":" ","1855":" ","1856":" ","1857":" ","1858":" ","1859":" ","1860":" ","1861":" ","1862":" ","1863":"t","1864":"y","1865":"p","1866":"e","1867":"=","1868":"\\","1869":"\"","1870":"t","1871":"e","1872":"x","1873":"t","1874":"\\","1875":"\"","1876":" ","1877":"\\","1878":"n","1879":" ","1880":" ","1881":" ","1882":" ","1883":" ","1884":" ","1885":" ","1886":" ","1887":" ","1888":" ","1889":" ","1890":" ","1891":"p","1892":"l","1893":"a","1894":"c","1895":"e","1896":"h","1897":"o","1898":"l","1899":"d","1900":"e","1901":"r","1902":"=","1903":"\\","1904":"\"","1905":"S","1906":"e","1907":"a","1908":"r","1909":"c","1910":"h","1911":" ","1912":"G","1913":"r","1914":"o","1915":"c","1916":"e","1917":"r","1918":"i","1919":"e","1920":"s","1921":"\\","1922":"\"","1923":" ","1924":"\\","1925":"n","1926":" ","1927":" ","1928":" ","1929":" ","1930":" ","1931":" ","1932":" ","1933":" ","1934":" ","1935":" ","1936":" ","1937":" ","1938":"c","1939":"l","1940":"a","1941":"s","1942":"s","1943":"=","1944":"\\","1945":"\"","1946":"h","1947":"e","1948":"a","1949":"d","1950":"e","1951":"r","1952":"-","1953":"s","1954":"e","1955":"a","1956":"r","1957":"c","1958":"h","1959":"-","1960":"i","1961":"n","1962":"p","1963":"u","1964":"t","1965":"\\","1966":"\"","1967":"\\","1968":"n","1969":" ","1970":" ","1971":" ","1972":" ","1973":" ","1974":" ","1975":" ","1976":" ","1977":" ","1978":" ","1979":" ","1980":" ","1981":"a","1982":"r","1983":"i","1984":"a","1985":"-","1986":"l","1987":"a","1988":"b","1989":"e","1990":"l","1991":"=","1992":"\\","1993":"\"","1994":"S","1995":"e","1996":"a","1997":"r","1998":"c","1999":"h","2000":" ","2001":"g","2002":"r","2003":"o","2004":"c","2005":"e","2006":"r","2007":"i","2008":"e","2009":"s","2010":"\\","2011":"\"","2012":"\\","2013":"n","2014":" ","2015":" ","2016":" ","2017":" ","2018":" ","2019":" ","2020":" ","2021":" ","2022":" ","2023":" ","2024":" ","2025":" ","2026":"@","2027":"k","2028":"e","2029":"y","2030":"u","2031":"p","2032":".","2033":"e","2034":"n","2035":"t","2036":"e","2037":"r","2038":"=","2039":"\\","2040":"\"","2041":"h","2042":"a","2043":"n","2044":"d","2045":"l","2046":"e","2047":"S","2048":"e","2049":"a","2050":"r","2051":"c","2052":"h","2053":"\\","2054":"\"","2055":"\\","2056":"n","2057":" ","2058":" ","2059":" ","2060":" ","2061":" ","2062":" ","2063":" ","2064":" ","2065":" ","2066":" ","2067":"/","2068":">","2069":"\\","2070":"n","2071":" ","2072":" ","2073":" ","2074":" ","2075":" ","2076":" ","2077":" ","2078":" ","2079":" ","2080":" ","2081":"<","2082":"b","2083":"u","2084":"t","2085":"t","2086":"o","2087":"n","2088":" ","2089":"c","2090":"l","2091":"a","2092":"s","2093":"s","2094":"=","2095":"\\","2096":"\"","2097":"h","2098":"e","2099":"a","2100":"d","2101":"e","2102":"r","2103":"-","2104":"s","2105":"e","2106":"a","2107":"r","2108":"c","2109":"h","2110":"-","2111":"b","2112":"u","2113":"t","2114":"t","2115":"o","2116":"n","2117":"\\","2118":"\"","2119":" ","2120":"a","2121":"r","2122":"i","2123":"a","2124":"-","2125":"l","2126":"a","2127":"b","2128":"e","2129":"l","2130":"=","2131":"\\","2132":"\"","2133":"S","2134":"e","2135":"a","2136":"r","2137":"c","2138":"h","2139":"\\","2140":"\"","2141":" ","2142":"@","2143":"c","2144":"l","2145":"i","2146":"c","2147":"k","2148":"=","2149":"\\","2150":"\"","2151":"h","2152":"a","2153":"n","2154":"d","2155":"l","2156":"e","2157":"S","2158":"e","2159":"a","2160":"r","2161":"c","2162":"h","2163":"\\","2164":"\"","2165":">","2166":"\\","2167":"n","2168":" ","2169":" ","2170":" ","2171":" ","2172":" ","2173":" ","2174":" ","2175":" ","2176":" ","2177":" ","2178":" ","2179":" ","2180":"<","2181":"s","2182":"p","2183":"a","2184":"n","2185":" ","2186":"c","2187":"l","2188":"a","2189":"s","2190":"s","2191":"=","2192":"\\","2193":"\"","2194":"h","2195":"e","2196":"a","2197":"d","2198":"e","2199":"r","2200":"-","2201":"s","2202":"e","2203":"a","2204":"r","2205":"c","2206":"h","2207":"-","2208":"i","2209":"c","2210":"o","2211":"n","2212":"\\","2213":"\"","2214":">","2215":"\ud83d","2216":"\udd0d","2217":"<","2218":"/","2219":"s","2220":"p","2221":"a","2222":"n","2223":">","2224":"\\","2225":"n","2226":" ","2227":" ","2228":" ","2229":" ","2230":" ","2231":" ","2232":" ","2233":" ","2234":" ","2235":" ","2236":"<","2237":"/","2238":"b","2239":"u","2240":"t","2241":"t","2242":"o","2243":"n","2244":">","2245":"\\","2246":"n","2247":" ","2248":" ","2249":" ","2250":" ","2251":" ","2252":" ","2253":" ","2254":" ","2255":"<","2256":"/","2257":"d","2258":"i","2259":"v","2260":">","2261":"\\","2262":"n","2263":"\\","2264":"n","2265":" ","2266":" ","2267":" ","2268":" ","2269":" ","2270":" ","2271":" ","2272":" ","2273":"<","2274":"d","2275":"i","2276":"v","2277":" ","2278":"c","2279":"l","2280":"a","2281":"s","2282":"s","2283":"=","2284":"\\","2285":"\"","2286":"h","2287":"e","2288":"a","2289":"d","2290":"e","2291":"r","2292":"-","2293":"a","2294":"c","2295":"t","2296":"i","2297":"o","2298":"n","2299":"s","2300":"\\","2301":"\"","2302":">","2303":"\\","2304":"n","2305":" ","2306":" ","2307":" ","2308":" ","2309":" ","2310":" ","2311":" ","2312":" ","2313":" ","2314":" ","2315":"<","2316":"a","2317":" ","2318":"h","2319":"r","2320":"e","2321":"f","2322":"=","2323":"\\","2324":"\"","2325":"#","2326":"\\","2327":"\"","2328":" ","2329":"c","2330":"l","2331":"a","2332":"s","2333":"s","2334":"=","2335":"\\","2336":"\"","2337":"h","2338":"e","2339":"a","2340":"d","2341":"e","2342":"r","2343":"-","2344":"s","2345":"i","2346":"g","2347":"n","2348":"-","2349":"i","2350":"n","2351":"\\","2352":"\"","2353":">","2354":"S","2355":"i","2356":"g","2357":"n","2358":" ","2359":"I","2360":"n","2361":"<","2362":"/","2363":"a","2364":">","2365":"\\","2366":"n","2367":" ","2368":" ","2369":" ","2370":" ","2371":" ","2372":" ","2373":" ","2374":" ","2375":" ","2376":" ","2377":"<","2378":"r","2379":"o","2380":"u","2381":"t","2382":"e","2383":"r","2384":"-","2385":"l","2386":"i","2387":"n","2388":"k","2389":" ","2390":"t","2391":"o","2392":"=","2393":"\\","2394":"\"","2395":"/","2396":"c","2397":"a","2398":"r","2399":"t","2400":"\\","2401":"\"","2402":" ","2403":"c","2404":"l","2405":"a","2406":"s","2407":"s","2408":"=","2409":"\\","2410":"\"","2411":"h","2412":"e","2413":"a","2414":"d","2415":"e","2416":"r","2417":"-","2418":"c","2419":"a","2420":"r","2421":"t","2422":"-","2423":"b","2424":"u","2425":"t","2426":"t","2427":"o","2428":"n","2429":"\\","2430":"\"","2431":" ","2432":"a","2433":"r","2434":"i","2435":"a","2436":"-","2437":"l","2438":"a","2439":"b","2440":"e","2441":"l","2442":"=","2443":"\\","2444":"\"","2445":"S","2446":"h","2447":"o","2448":"p","2449":"p","2450":"i","2451":"n","2452":"g","2453":" ","2454":"c","2455":"a","2456":"r","2457":"t","2458":"\\","2459":"\"","2460":">","2461":"\\","2462":"n","2463":" ","2464":" ","2465":" ","2466":" ","2467":" ","2468":" ","2469":" ","2470":" ","2471":" ","2472":" ","2473":" ","2474":" ","2475":"<","2476":"s","2477":"p","2478":"a","2479":"n","2480":" ","2481":"c","2482":"l","2483":"a","2484":"s","2485":"s","2486":"=","2487":"\\","2488":"\"","2489":"h","2490":"e","2491":"a","2492":"d","2493":"e","2494":"r","2495":"-","2496":"c","2497":"a","2498":"r","2499":"t","2500":"-","2501":"p","2502":"r","2503":"i","2504":"c","2505":"e","2506":"\\","2507":"\"","2508":">","2509":"{","2510":"{","2511":" ","2512":"f","2513":"o","2514":"r","2515":"m","2516":"a","2517":"t","2518":"P","2519":"r","2520":"i","2521":"c","2522":"e","2523":"(","2524":"c","2525":"a","2526":"r","2527":"t","2528":"T","2529":"o","2530":"t","2531":"a","2532":"l","2533":")","2534":" ","2535":"}","2536":"}","2537":"<","2538":"/","2539":"s","2540":"p","2541":"a","2542":"n","2543":">","2544":"\\","2545":"n","2546":" ","2547":" ","2548":" ","2549":" ","2550":" ","2551":" ","2552":" ","2553":" ","2554":" ","2555":" ","2556":"<","2557":"/","2558":"r","2559":"o","2560":"u","2561":"t","2562":"e","2563":"r","2564":"-","2565":"l","2566":"i","2567":"n","2568":"k","2569":">","2570":"\\","2571":"n","2572":" ","2573":" ","2574":" ","2575":" ","2576":" ","2577":" ","2578":" ","2579":" ","2580":"<","2581":"/","2582":"d","2583":"i","2584":"v","2585":">","2586":"\\","2587":"n","2588":" ","2589":" ","2590":" ","2591":" ","2592":" ","2593":" ","2594":"<","2595":"/","2596":"d","2597":"i","2598":"v","2599":">","2600":"\\","2601":"n","2602":" ","2603":" ","2604":" ","2605":" ","2606":"<","2607":"/","2608":"d","2609":"i","2610":"v","2611":">","2612":"\\","2613":"n","2614":"\\","2615":"n","2616":" ","2617":" ","2618":" ","2619":" ","2620":"<","2621":"d","2622":"i","2623":"v","2624":" ","2625":"c","2626":"l","2627":"a","2628":"s","2629":"s","2630":"=","2631":"\\","2632":"\"","2633":"h","2634":"e","2635":"a","2636":"d","2637":"e","2638":"r","2639":"-","2640":"b","2641":"o","2642":"t","2643":"t","2644":"o","2645":"m","2646":"\\","2647":"\"","2648":">","2649":"\\","2650":"n","2651":" ","2652":" ","2653":" ","2654":" ","2655":" ","2656":" ","2657":"<","2658":"d","2659":"i","2660":"v","2661":" ","2662":"c","2663":"l","2664":"a","2665":"s","2666":"s","2667":"=","2668":"\\","2669":"\"","2670":"h","2671":"e","2672":"a","2673":"d","2674":"e","2675":"r","2676":"-","2677":"c","2678":"o","2679":"n","2680":"t","2681":"a","2682":"i","2683":"n","2684":"e","2685":"r","2686":"\\","2687":"\"","2688":">","2689":"\\","2690":"n","2691":" ","2692":" ","2693":" ","2694":" ","2695":" ","2696":" ","2697":" ","2698":" ","2699":"<","2700":"n","2701":"a","2702":"v","2703":" ","2704":"c","2705":"l","2706":"a","2707":"s","2708":"s","2709":"=","2710":"\\","2711":"\"","2712":"h","2713":"e","2714":"a","2715":"d","2716":"e","2717":"r","2718":"-","2719":"n","2720":"a","2721":"v","2722":"\\","2723":"\"","2724":" ","2725":"a","2726":"r","2727":"i","2728":"a","2729":"-","2730":"l","2731":"a","2732":"b","2733":"e","2734":"l","2735":"=","2736":"\\","2737":"\"","2738":"M","2739":"a","2740":"i","2741":"n","2742":" ","2743":"n","2744":"a","2745":"v","2746":"i","2747":"g","2748":"a","2749":"t","2750":"i","2751":"o","2752":"n","2753":"\\","2754":"\"","2755":">","2756":"\\","2757":"n","2758":" ","2759":" ","2760":" ","2761":" ","2762":" ","2763":" ","2764":" ","2765":" ","2766":" ","2767":" ","2768":"<","2769":"u","2770":"l","2771":" ","2772":"c","2773":"l","2774":"a","2775":"s","2776":"s","2777":"=","2778":"\\","2779":"\"","2780":"h","2781":"e","2782":"a","2783":"d","2784":"e","2785":"r","2786":"-","2787":"n","2788":"a","2789":"v","2790":"-","2791":"l","2792":"i","2793":"s","2794":"t","2795":"\\","2796":"\"","2797":">","2798":"\\","2799":"n","2800":" ","2801":" ","2802":" ","2803":" ","2804":" ","2805":" ","2806":" ","2807":" ","2808":" ","2809":" ","2810":" ","2811":" ","2812":"<","2813":"l","2814":"i","2815":">","2816":"<","2817":"a","2818":" ","2819":"h","2820":"r","2821":"e","2822":"f","2823":"=","2824":"\\","2825":"\"","2826":"#","2827":"\\","2828":"\"","2829":" ","2830":"c","2831":"l","2832":"a","2833":"s","2834":"s","2835":"=","2836":"\\","2837":"\"","2838":"h","2839":"e","2840":"a","2841":"d","2842":"e","2843":"r","2844":"-","2845":"n","2846":"a","2847":"v","2848":"-","2849":"l","2850":"i","2851":"n","2852":"k","2853":"\\","2854":"\"","2855":">","2856":"S","2857":"h","2858":"o","2859":"p","2860":"<","2861":"/","2862":"a","2863":">","2864":"<","2865":"/","2866":"l","2867":"i","2868":">","2869":"\\","2870":"n","2871":" ","2872":" ","2873":" ","2874":" ","2875":" ","2876":" ","2877":" ","2878":" ","2879":" ","2880":" ","2881":" ","2882":" ","2883":"<","2884":"l","2885":"i","2886":">","2887":"<","2888":"a","2889":" ","2890":"h","2891":"r","2892":"e","2893":"f","2894":"=","2895":"\\","2896":"\"","2897":"#","2898":"\\","2899":"\"","2900":" ","2901":"c","2902":"l","2903":"a","2904":"s","2905":"s","2906":"=","2907":"\\","2908":"\"","2909":"h","2910":"e","2911":"a","2912":"d","2913":"e","2914":"r","2915":"-","2916":"n","2917":"a","2918":"v","2919":"-","2920":"l","2921":"i","2922":"n","2923":"k","2924":"\\","2925":"\"","2926":">","2927":"W","2928":"e","2929":"e","2930":"k","2931":"l","2932":"y","2933":" ","2934":"A","2935":"d","2936":"<","2937":"/","2938":"a","2939":">","2940":"<","2941":"/","2942":"l","2943":"i","2944":">","2945":"\\","2946":"n","2947":" ","2948":" ","2949":" ","2950":" ","2951":" ","2952":" ","2953":" ","2954":" ","2955":" ","2956":" ","2957":" ","2958":" ","2959":"<","2960":"l","2961":"i","2962":">","2963":"<","2964":"a","2965":" ","2966":"h","2967":"r","2968":"e","2969":"f","2970":"=","2971":"\\","2972":"\"","2973":"#","2974":"\\","2975":"\"","2976":" ","2977":"c","2978":"l","2979":"a","2980":"s","2981":"s","2982":"=","2983":"\\","2984":"\"","2985":"h","2986":"e","2987":"a","2988":"d","2989":"e","2990":"r","2991":"-","2992":"n","2993":"a","2994":"v","2995":"-","2996":"l","2997":"i","2998":"n","2999":"k","3000":"\\","3001":"\"","3002":">","3003":"R","3004":"e","3005":"c","3006":"i","3007":"p","3008":"e","3009":"s","3010":"<","3011":"/","3012":"a","3013":">","3014":"<","3015":"/","3016":"l","3017":"i","3018":">","3019":"\\","3020":"n","3021":" ","3022":" ","3023":" ","3024":" ","3025":" ","3026":" ","3027":" ","3028":" ","3029":" ","3030":" ","3031":" ","3032":" ","3033":"<","3034":"l","3035":"i","3036":">","3037":"<","3038":"a","3039":" ","3040":"h","3041":"r","3042":"e","3043":"f","3044":"=","3045":"\\","3046":"\"","3047":"#","3048":"\\","3049":"\"","3050":" ","3051":"c","3052":"l","3053":"a","3054":"s","3055":"s","3056":"=","3057":"\\","3058":"\"","3059":"h","3060":"e","3061":"a","3062":"d","3063":"e","3064":"r","3065":"-","3066":"n","3067":"a","3068":"v","3069":"-","3070":"l","3071":"i","3072":"n","3073":"k","3074":"\\","3075":"\"","3076":">","3077":"P","3078":"h","3079":"a","3080":"r","3081":"m","3082":"a","3083":"c","3084":"y","3085":"<","3086":"/","3087":"a","3088":">","3089":"<","3090":"/","3091":"l","3092":"i","3093":">","3094":"\\","3095":"n","3096":" ","3097":" ","3098":" ","3099":" ","3100":" ","3101":" ","3102":" ","3103":" ","3104":" ","3105":" ","3106":" ","3107":" ","3108":"<","3109":"l","3110":"i","3111":">","3112":"<","3113":"a","3114":" ","3115":"h","3116":"r","3117":"e","3118":"f","3119":"=","3120":"\\","3121":"\"","3122":"#","3123":"\\","3124":"\"","3125":" ","3126":"c","3127":"l","3128":"a","3129":"s","3130":"s","3131":"=","3132":"\\","3133":"\"","3134":"h","3135":"e","3136":"a","3137":"d","3138":"e","3139":"r","3140":"-","3141":"n","3142":"a","3143":"v","3144":"-","3145":"l","3146":"i","3147":"n","3148":"k","3149":"\\","3150":"\"","3151":">","3152":"D","3153":"e","3154":"l","3155":"i","3156":"v","3157":"e","3158":"r","3159":"y","3160":" ","3161":"&","3162":" ","3163":"P","3164":"i","3165":"c","3166":"k","3167":"u","3168":"p","3169":"<","3170":"/","3171":"a","3172":">","3173":"<","3174":"/","3175":"l","3176":"i","3177":">","3178":"\\","3179":"n","3180":" ","3181":" ","3182":" ","3183":" ","3184":" ","3185":" ","3186":" ","3187":" ","3188":" ","3189":" ","3190":"<","3191":"/","3192":"u","3193":"l","3194":">","3195":"\\","3196":"n","3197":" ","3198":" ","3199":" ","3200":" ","3201":" ","3202":" ","3203":" ","3204":" ","3205":"<","3206":"/","3207":"n","3208":"a","3209":"v","3210":">","3211":"\\","3212":"n","3213":"\\","3214":"n","3215":" ","3216":" ","3217":" ","3218":" ","3219":" ","3220":" ","3221":" ","3222":" ","3223":"<","3224":"d","3225":"i","3226":"v","3227":" ","3228":"c","3229":"l","3230":"a","3231":"s","3232":"s","3233":"=","3234":"\\","3235":"\"","3236":"h","3237":"e","3238":"a","3239":"d","3240":"e","3241":"r","3242":"-","3243":"l","3244":"o","3245":"c","3246":"a","3247":"t","3248":"i","3249":"o","3250":"n","3251":"\\","3252":"\"","3253":">","3254":"\\","3255":"n","3256":" ","3257":" ","3258":" ","3259":" ","3260":" ","3261":" ","3262":" ","3263":" ","3264":" ","3265":" ","3266":"I","3267":"n","3268":"-","3269":"S","3270":"t","3271":"o","3272":"r","3273":"e","3274":" ","3275":"a","3276":"t","3277":" ","3278":"<","3279":"s","3280":"t","3281":"r","3282":"o","3283":"n","3284":"g","3285":">","3286":"1","3287":"0","3288":"0","3289":"1","3290":" ","3291":"R","3292":"o","3293":"u","3294":"t","3295":"e","3296":" ","3297":"6","3298":",","3299":" ","3300":"1","3301":"0","3302":"5","3303":"4","3304":"<","3305":"/","3306":"s","3307":"t","3308":"r","3309":"o","3310":"n","3311":"g","3312":">","3313":"\\","3314":"n","3315":" ","3316":" ","3317":" ","3318":" ","3319":" ","3320":" ","3321":" ","3322":" ","3323":"<","3324":"/","3325":"d","3326":"i","3327":"v","3328":">","3329":"\\","3330":"n","3331
[...]
,"16281":"6","16282":";","16283":"\\","16284":"n","16285":" ","16286":" ","16287":"}","16288":"\\","16289":"n","16290":"\\","16291":"n","16292":" ","16293":" ","16294":".","16295":"j","16296":"o","16297":"u","16298":"r","16299":"n","16300":"e","16301":"y","16302":"-","16303":"h","16304":"e","16305":"a","16306":"d","16307":"e","16308":"r","16309":" ","16310":"{","16311":"\\","16312":"n","16313":" ","16314":" ","16315":" ","16316":" ","16317":"d","16318":"i","16319":"s","16320":"p","16321":"l","16322":"a","16323":"y","16324":":","16325":" ","16326":"f","16327":"l","16328":"e","16329":"x","16330":";","16331":"\\","16332":"n","16333":" ","16334":" ","16335":" ","16336":" ","16337":"a","16338":"l","16339":"i","16340":"g","16341":"n","16342":"-","16343":"i","16344":"t","16345":"e","16346":"m","16347":"s","16348":":","16349":" ","16350":"c","16351":"e","16352":"n","16353":"t","16354":"e","16355":"r","16356":";","16357":"\\","16358":"n","16359":" ","16360":" ","16361":" ","16362":" ","16363":"g","16364":"a","16365":"p","16366":":","16367":" ","16368":"v","16369":"a","16370":"r","16371":"(","16372":"-","16373":"-","16374":"s","16375":"p","16376":"a","16377":"c","16378":"i","16379":"n","16380":"g","16381":"-","16382":"m","16383":"d","16384":")","16385":";","16386":"\\","16387":"n","16388":" ","16389":" ","16390":" ","16391":" ","16392":"m","16393":"a","16394":"r","16395":"g","16396":"i","16397":"n","16398":"-","16399":"b","16400":"o","16401":"t","16402":"t","16403":"o","16404":"m","16405":":","16406":" ","16407":"v","16408":"a","16409":"r","16410":"(","16411":"-","16412":"-","16413":"s","16414":"p","16415":"a","16416":"c","16417":"i","16418":"n","16419":"g","16420":"-","16421":"l","16422":"g","16423":")","16424":";","16425":"\\","16426":"n","16427":"\\","16428":"n","16429":" ","16430":" ","16431":" ","16432":" ","16433":".","16434":"j","16435":"o","16436":"u","16437":"r","16438":"n","16439":"e","16440":"y","16441":"-","16442":"s","16443":"t","16444":"a","16445":"t","16446":"u","16447":"s","16448":" ","16449":"{","16450":"\\","16451":"n","16452":" ","16453":" ","16454":" ","16455":" ","16456":" ","16457":" ","16458":"f","16459":"o","16460":"n","16461":"t","16462":"-","16463":"s","16464":"i","16465":"z","16466":"e","16467":":","16468":" ","16469":"2","16470":"8","16471":"p","16472":"x","16473":";","16474":"\\","16475":"n","16476":" ","16477":" ","16478":" ","16479":" ","16480":" ","16481":" ","16482":"f","16483":"o","16484":"n","16485":"t","16486":"-","16487":"w","16488":"e","16489":"i","16490":"g","16491":"h","16492":"t","16493":":","16494":" ","16495":"b","16496":"o","16497":"l","16498":"d","16499":";","16500":"\\","16501":"n","16502":" ","16503":" ","16504":" ","16505":" ","16506":"}","16507":"\\","16508":"n","16509":"\\","16510":"n","16511":" ","16512":" ","16513":" ","16514":" ","16515":".","16516":"j","16517":"o","16518":"u","16519":"r","16520":"n","16521":"e","16522":"y","16523":"-","16524":"n","16525":"a","16526":"m","16527":"e","16528":" ","16529":"{","16530":"\\","16531":"n","16532":" ","16533":" ","16534":" ","16535":" ","16536":" ","16537":" ","16538":"f","16539":"l","16540":"e","16541":"x","16542":":","16543":" ","16544":"1","16545":";","16546":"\\","16547":"n","16548":" ","16549":" ","16550":" ","16551":" ","16552":" ","16553":" ","16554":"f","16555":"o","16556":"n","16557":"t","16558":"-","16559":"s","16560":"i","16561":"z","16562":"e","16563":":","16564":" ","16565":"v","16566":"a","16567":"r","16568":"(","16569":"-","16570":"-","16571":"f","16572":"o","16573":"n","16574":"t","16575":"-","16576":"s","16577":"i","16578":"z","16579":"e","16580":"-","16581":"x","16582":"l","16583":")","16584":";","16585":"\\","16586":"n","16587":" ","16588":" ","16589":" ","16590":" ","16591":" ","16592":" ","16593":"m","16594":"a","16595":"r","16596":"g","16597":"i","16598":"n","16599":":","16600":" ","16601":"0","16602":";","16603":"\\","16604":"n","16605":" ","16606":" ","16607":" ","16608":" ","16609":"}","16610":"\\","16611":"n","16612":"\\","16613":"n","16614":" ","16615":" ","16616":" ","16617":" ","16618":".","16619":"j","16620":"o","16621":"u","16622":"r","16623":"n","16624":"e","16625":"y","16626":"-","16627":"d","16628":"u","16629":"r","16630":"a","16631":"t","16632":"i","16633":"o","16634":"n","16635":" ","16636":"{","16637":"\\","16638":"n","16639":" ","16640":" ","16641":" ","16642":" ","16643":" ","16644":" ","16645":"c","16646":"o","16647":"l","16648":"o","16649":"r","16650":":","16651":" ","16652":"v","16653":"a","16654":"r","16655":"(","16656":"-","16657":"-","16658":"c","16659":"o","16660":"l","16661":"o","16662":"r","16663":"-","16664":"t","16665":"e","16666":"x","16667":"t","16668":"-","16669":"l","16670":"i","16671":"g","16672":"h","16673":"t","16674":")","16675":";","16676":"\\","16677":"n","16678":" ","16679":" ","16680":" ","16681":" ","16682":" ","16683":" ","16684":"f","16685":"o","16686":"n","16687":"t","16688":"-","16689":"w","16690":"e","16691":"i","16692":"g","16693":"h","16694":"t","16695":":","16696":" ","16697":"v","16698":"a","16699":"r","16700":"(","16701":"-","16702":"-","16703":"f","16704":"o","16705":"n","16706":"t","16707":"-","16708":"w","16709":"e","16710":"i","16711":"g","16712":"h","16713":"t","16714":"-","16715":"m","16716":"e","16717":"d","16718":"i","16719":"u","16720":"m","16721":")","16722":";","16723":"\\","16724":"n","16725":" ","16726":" ","16727":" ","16728":" ","16729":"}","16730":"\\","16731":"n","16732":" ","16733":" ","16734":"}","16735":"\\","16736":"n","16737":"\\","16738":"n","16739":" ","16740":" ","16741":".","16742":"j","16743":"o","16744":"u","16745":"r","16746":"n","16747":"e","16748":"y","16749":"-","16750":"s","16751":"t","16752":"e","16753":"p","16754":"s","16755":" ","16756":"{","16757":"\\","16758":"n","16759":" ","16760":" ","16761":" ","16762":" ","16763":"d","16764":"i","16765":"s","16766":"p","16767":"l","16768":"a","16769":"y","16770":":","16771":" ","16772":"f","16773":"l","16774":"e","16775":"x","16776":";","16777":"\\","16778":"n","16779":" ","16780":" ","16781":" ","16782":" ","16783":"f","16784":"l","16785":"e","16786":"x","16787":"-","16788":"d","16789":"i","16790":"r","16791":"e","16792":"c","16793":"t","16794":"i","16795":"o","16796":"n","16797":":","16798":" ","16799":"c","16800":"o","16801":"l","16802":"u","16803":"m","16804":"n","16805":";","16806":"\\","16807":"n","16808":" ","16809":" ","16810":" ","16811":" ","16812":"g","16813":"a","16814":"p","16815":":","16816":" ","16817":"v","16818":"a","16819":"r","16820":"(","16821":"-","16822":"-","16823":"s","16824":"p","16825":"a","16826":"c","16827":"i","16828":"n","16829":"g","16830":"-","16831":"m","16832":"d","16833":")","16834":";","16835":"\\","16836":"n","16837":" ","16838":" ","16839":"}","16840":"\\","16841":"n","16842":"\\","16843":"n","16844":" ","16845":" ","16846":".","16847":"j","16848":"o","16849":"u","16850":"r","16851":"n","16852":"e","16853":"y","16854":"-","16855":"s","16856":"t","16857":"e","16858":"p","16859":" ","16860":"{","16861":"\\","16862":"n","16863":" ","16864":" ","16865":" ","16866":" ","16867":"d","16868":"i","16869":"s","16870":"p","16871":"l","16872":"a","16873":"y","16874":":","16875":" ","16876":"g","16877":"r","16878":"i","16879":"d","16880":";","16881":"\\","16882":"n","16883":" ","16884":" ","16885":" ","16886":" ","16887":"g","16888":"r","16889":"i","16890":"d","16891":"-","16892":"t","16893":"e","16894":"m","16895":"p","16896":"l","16897":"a","16898":"t","16899":"e","16900":"-","16901":"c","16902":"o","16903":"l","16904":"u","16905":"m","16906":"n","16907":"s","16908":":","16909":" ","16910":"a","16911":"u","16912":"t","16913":"o","16914":" ","16915":"a","16916":"u","16917":"t","16918":"o","16919":" ","16920":"1","16921":"f","16922":"r","16923":" ","16924":"a","16925":"u","16926":"t","16927":"o","16928":";","16929":"\\","16930":"n","16931":" ","16932":" ","16933":" ","16934":" ","16935":"g","16936":"a","16937":"p","16938":":","16939":" ","16940":"v","16941":"a","16942":"r","16943":"(","16944":"-","16945":"-","16946":"s","16947":"p","16948":"a","16949":"c","16950":"i","16951":"n","16952":"g","16953":"-","16954":"m","16955":"d","16956":")","16957":";","16958":"\\","16959":"n","16960":" ","16961":" ","16962":" ","16963":" ","16964":"a","16965":"l","16966":"i","16967":"g","16968":"n","16969":"-","16970":"i","16971":"t","16972":"e","16973":"m","16974":"s","16975":":","16976":" ","16977":"c","16978":"e","16979":"n","16980":"t","16981":"e","16982":"r","16983":";","16984":"\\","16985":"n","16986":" ","16987":" ","16988":" ","16989":" ","16990":"p","16991":"a","16992":"d","16993":"d","16994":"i","16995":"n","16996":"g","16997":":","16998":" ","16999":"v","17000":"a","17001":"r","17002":"(","17003":"-","17004":"-","17005":"s","17006":"p","17007":"a","17008":"c","17009":"i","17010":"n","17011":"g","17012":"-","17013":"m","17014":"d","17015":")","17016":";","17017":"\\","17018":"n","17019":" ","17020":" ","17021":" ","17022":" ","17023":"b","17024":"a","17025":"c","17026":"k","17027":"g","17028":"r","17029":"o","17030":"u","17031":"n","17032":"d","17033":":","17034":" ","17035":"#","17036":"f","17037":"9","17038":"f","17039":"9","17040":"f","17041":"9","17042":";","17043":"\\","17044":"n","17045":" ","17046":" ","17047":" ","17048":" ","17049":"b","17050":"o","17051":"r","17052":"d","17053":"e","17054":"r","17055":"-","17056":"r","17057":"a","17058":"d","17059":"i","17060":"u","17061":"s","17062":":","17063":" ","17064":"v","17065":"a","17066":"r","17067":"(","17068":"-","17069":"-","17070":"r","17071":"a","17072":"d","17073":"i","17074":"u","17075":"s","17076":"-","17077":"s","17078":"m","17079":")","17080":";","17081":"\\","17082":"n","17083":" ","17084":" ","17085":" ","17086":" ","17087":"b","17088":"o","17089":"r","17090":"d","17091":"e","17092":"r","17093":"-","17094":"l","17095":"e","17096":"f","17097":"t","17098":":","17099":" ","17100":"3","17101":"p","17102":"x","17103":" ","17104":"s","17105":"o","17106":"l","17107":"i","17108":"d","17109":";","17110":"\\","17111":"n","17112":"\\","17113":"n","17114":" ","17115":" ","17116":" ","17117":" ","17118":"&","17119":".","17120":"p","17121":"a","17122":"s","17123":"s","17124":"e","17125":"d","17126":" ","17127":"{","17128":"\\","17129":"n","17130":" ","17131":" ","17132":" ","17133":" ","17134":" ","17135":" ","17136":"b","17137":"o","17138":"r","17139":"d","17140":"e","17141":"r","17142":"-","17143":"c","17144":"o","17145":"l","17146":"o","17147":"r","17148":":","17149":" ","17150":"#","17151":"4","17152":"c","17153":"a","17154":"f","17155":"5","17156":"0","17157":";","17158":"\\","17159":"n","17160":" ","17161":" ","17162":" ","17163":" ","17164":"}","17165":"\\","17166":"n","17167":"\\","17168":"n","17169":" ","17170":" ","17171":" ","17172":" ","17173":"&","17174":".","17175":"f","17176":"a","17177":"i","17178":"l","17179":"e","17180":"d","17181":" ","17182":"{","17183":"\\","17184":"n","17185":" ","17186":" ","17187":" ","17188":" ","17189":" ","17190":" ","17191":"b","17192":"o","17193":"r","17194":"d","17195":"e","17196":"r","17197":"-","17198":"c","17199":"o","17200":"l","17201":"o","17202":"r","17203":":","17204":" ","17205":"#","17206":"f","17207":"4","17208":"4","17209":"3","17210":"3","17211":"6","17212":";","17213":"\\","17214":"n","17215":" ","17216":" ","17217":" ","17218":" ","17219":"}","17220":"\\","17221":"n","17222":"\\","17223":"n","17224":" ","17225":" ","17226":" ","17227":" ","17228":".","17229":"s","17230":"t","17231":"e","17232":"p","17233":"-","17234":"n","17235":"u","17236":"m","17237":"b","17238":"e","17239":"r","17240":" ","17241":"{","17242":"\\","17243":"n","17244":" ","17245":" ","17246":" ","17247":" ","17248":" ","17249":" ","17250":"w","17251":"i","17252":"d","17253":"t","17254":"h","17255":":","17256":" ","17257":"2","17258":"4","17259":"p","17260":"x","17261":";","17262":"\\","17263":"n","17264":" ","17265":" ","17266":" ","17267":" ","17268":" ","17269":" ","17270":"h","17271":"e","17272":"i","17273":"g","17274":"h","17275":"t","17276":":","17277":" ","17278":"2","17279":"4","17280":"p","17281":"x","17282":";","17283":"\\","17284":"n","17285":" ","17286":" ","17287":" ","17288":" ","17289":" ","17290":" ","17291":"b","17292":"a","17293":"c","17294":"k","17295":"g","17296":"r","17297":"o","17298":"u","17299":"n","17300":"d","17301":":","17302":" ","17303":"v","17304":"a","17305":"r","17306":"(","17307":"-","17308":"-","17309":"c","17310":"o","17311":"l","17312":"o","17313":"r","17314":"-","17315":"p","17316":"r","17317":"i","17318":"m","17319":"a","17320":"r","17321":"y","17322":")","17323":";","17324":"\\","17325":"n","17326":" ","17327":" ","17328":" ","17329":" ","17330":" ","17331":" ","17332":"c","17333":"o","17334":"l","17335":"o","17336":"r","17337":":","17338":" ","17339":"w","17340":"h","17341":"i","17342":"t","17343":"e","17344":";","17345":"\\","17346":"n","17347":" ","17348":" ","17349":" ","17350":" ","17351":" ","17352":" ","17353":"b","17354":"o","17355":"r","17356":"d","17357":"e","17358":"r","17359":"-","17360":"r","17361":"a","17362":"d","17363":"i","17364":"u","17365":"s","17366":":","17367":" ","17368":"5","17369":"0","17370":"%","17371":";","17372":"\\","17373":"n","17374":" ","17375":" ","17376":" ","17377":" ","17378":" ","17379":" ","17380":"d","17381":"i","17382":"s","17383":"p","17384":"l","17385":"a","17386":"y","17387":":","17388":" ","17389":"f","17390":"l","17391":"e","17392":"x","17393":";","17394":"\\","17395":"n","17396":" ","17397":" ","17398":" ","17399":" ","17400":" ","17401":" ","17402":"a","17403":"l","17404":"i","17405":"g","17406":"n","17407":"-","17408":"i","17409":"t","17410":"e","17411":"m","17412":"s","17413":":","17414":" ","17415":"c","17416":"e","17417":"n","17418":"t","17419":"e","17420":"r","17421":";","17422":"\\","17423":"n","17424":" ","17425":" ","17426":" ","17427":" ","17428":" ","17429":" ","17430":"j","17431":"u","17432":"s","17433":"t","17434":"i","17435":"f","17436":"y","17437":"-","17438":"c","17439":"o","17440":"n","17441":"t","17442":"e","17443":"n","17444":"t","17445":":","17446":" ","17447":"c","17448":"e","17449":"n","17450":"t","17451":"e","17452":"r","17453":";","17454":"\\","17455":"n","17456":" ","17457":" ","17458":" ","17459":" ","17460":" ","17461":" ","17462":"f","17463":"o","17464":"n","17465":"t","17466":"-","17467":"s","17468":"i","17469":"z","17470":"e","17471":":","17472":" ","17473":"1","17474":"2","17475":"p","17476":"x","17477":";","17478":"\\","17479":"n","17480":" ","17481":" ","17482":" ","17483":" ","17484":" ","17485":" ","17486":"f","17487":"o","17488":"n","17489":"t","17490":"-","17491":"w","17492":"e","17493":"i","17494":"g","17495":"h","17496":"t","17497":":","17498":" ","17499":"b","17500":"o","17501":"l","17502":"d","17503":";","17504":"\\","17505":"n","17506":" ","17507":" ","17508":" ","17509":" ","17510":"}","17511":"\\","17512":"n","17513":"\\","17514":"n","17515":" ","17516":" ","17517":" ","17518":" ","17519":".","17520":"s","17521":"t","17522":"e","17523":"p","17524":"-","17525":"s","17526":"t","17527":"a","17528":"t","17529":"u","17530":"s","17531":" ","17532":"{","17533":"\\","17534":"n","17535":" ","17536":" ","17537":" ","17538":" ","17539":" ","17540":" ","17541":"f","17542":"o","17543":"n","17544":"t","17545":"-","17546":"s","17547":"i","17548":"z","17549":"e","17550":":","17551":" ","17552":"1","17553":"8","17554":"p","17555":"x","17556":";","17557":"\\","17558":"n","17559":" ","17560":" ","17561":" ","17562":" ","17563":" ","17564":" ","17565":"f","17566":"o","17567":"n","17568":"t","17569":"-","17570":"w","17571":"e","17572":"i","17573":"g","17574":"h","17575":"t","17576":":","17577":" ","17578":"b","17579":"o","17580":"l","17581":"d","17582":";","17583":"\\","17584":"n","17585":" ","17586":" ","17587":" ","17588":" ","17589":"}","17590":"\\","17591":"n","17592":"\\","17593":"n","17594":" ","17595":" ","17596":" ","17597":" ","17598":".","17599":"s","17600":"t","17601":"e","17602":"p","17603":"-","17604":"n","17605":"a","17606":"m","17607":"e","17608":" ","17609":"{","17610":"\\","17611":"n","17612":" ","17613":" ","17614":" ","17615":" ","17616":" ","17617":" ","17618":"f","17619":"o","17620":"n","17621":"t","17622":"-","17623":"w","17624":"e","17625":"i","17626":"g","17627":"h","17628":"t","17629":":","17630":" ","17631":"v","17632":"a","17633":"r","17634":"(","17635":"-","17636":"-","17637":"f","17638":"o","17639":"n","17640":"t","17641":"-","17642":"w","17643":"e","17644":"i","17645":"g","17646":"h","17647":"t","17648":"-","17649":"m","17650":"e","17651":"d","17652":"i","17653":"u","17654":"m","17655":")","17656":";","17657":"\\","17658":"n","17659":" ","17660":" ","17661":" ","17662":" ","17663":"}","17664":"\\","17665":"n","17666":"\\","17667":"n","17668":" ","17669":" ","17670":" ","17671":" ","17672":".","17673":"s","17674":"t","17675":"e","17676":"p","17677":"-","17678":"d","17679":"u","17680":"r","17681":"a","17682":"t","17683":"i","17684":"o","17685":"n","17686":" ","17687":"{","17688":"\\","17689":"n","17690":" ","17691":" ","17692":" ","17693":" ","17694":" ","17695":" ","17696":"c","17697":"o","17698":"l","17699":"o","17700":"r","17701":":","17702":" ","17703":"v","17704":"a","17705":"r","17706":"(","17707":"-","17708":"-","17709":"c","17710":"o","17711":"l","17712":"o","17713":"r","17714":"-","17715":"t","17716":"e","17717":"x","17718":"t","17719":"-","17720":"l","17721":"i","17722":"g","17723":"h","17724":"t","17725":")","17726":";","17727":"\\","17728":"n","17729":" ","17730":" ","17731":" ","17732":" ","17733":" ","17734":" ","17735":"f","17736":"o","17737":"n","17738":"t","17739":"-","17740":"s","17741":"i","17742":"z","17743":"e","17744":":","17745":" ","17746":"1","17747":"4","17748":"p","17749":"x","17750":";","17751":"\\","17752":"n","17753":" ","17754":" ","17755":" ","17756":" ","17757":"}","17758":"\\","17759":"n","17760":"\\","17761":"n","17762":" ","17763":" ","17764":" ","17765":" ","17766":".","17767":"s","17768":"t","17769":"e","17770":"p","17771":"-","17772":"m","17773":"e","17774":"s","17775":"s","17776":"a","17777":"g","17778":"e","17779":" ","17780":"{","17781":"\\","17782":"n","17783":" ","17784":" ","17785":" ","17786":" ","17787":" ","17788":" ","17789":"g","17790":"r","17791":"i","17792":"d","17793":"-","17794":"c","17795":"o","17796":"l","17797":"u","17798":"m","17799":"n","17800":":","17801":" ","17802":"2","17803":" ","17804":"/","17805":" ","17806":"-","17807":"1","17808":";","17809":"\\","17810":"n","17811":" ","17812":" ","17813":" ","17814":" ","17815":" ","17816":" ","17817":"m","17818":"a","17819":"r","17820":"g","17821":"i","17822":"n","17823":":","17824":" ","17825":"v","17826":"a","17827":"r","17828":"(","17829":"-","17830":"-","17831":"s","17832":"p","17833":"a","17834":"c","17835":"i","17836":"n","17837":"g","17838":"-","17839":"s","17840":"m","17841":")","17842":" ","17843":"0","17844":" ","17845":"0","17846":";","17847":"\\","17848":"n","17849":" ","17850":" ","17851":" ","17852":" ","17853":" ","17854":" ","17855":"f","17856":"o","17857":"n","17858":"t","17859":"-","17860":"s","17861":"i","17862":"z","17863":"e","17864":":","17865":" ","17866":"1","17867":"4","17868":"p","17869":"x","17870":";","17871":"\\","17872":"n","17873":" ","17874":" ","17875":" ","17876":" ","17877":" ","17878":" ","17879":"c","17880":"o","17881":"l","17882":"o","17883":"r","17884":":","17885":" ","17886":"v","17887":"a","17888":"r","17889":"(","17890":"-","17891":"-","17892":"c","17893":"o","17894":"l","17895":"o","17896":"r","17897":"-","17898":"t","17899":"e","17900":"x","17901":"t","17902":"-","17903":"l","17904":"i","17905":"g","17906":"h","17907":"t","17908":")","17909":";","17910":"\\","17911":"n","17912":" ","17913":" ","17914":" ","17915":" ","17916":"}","17917":"\\","17918":"n","17919":" ","17920":" ","17921":"}","17922":"\\","17923":"n","17924":"}","17925":"\\","17926":"n","17927":"<","17928":"/","17929":"s","17930":"t","17931":"y","17932":"l","17933":"e","17934":">","17935":"\\","17936":"n","17937":"\"","17938":"]","17939":"}"}}
}
